mode: set
github.com/therealutkarshpriyadarshi/network/pkg/icmp/icmp.go:62.43,63.33 1 1
github.com/therealutkarshpriyadarshi/network/pkg/icmp/icmp.go:63.33,65.3 1 1
github.com/therealutkarshpriyadarshi/network/pkg/icmp/icmp.go:67.2,76.33 2 1
github.com/therealutkarshpriyadarshi/network/pkg/icmp/icmp.go:76.33,79.3 2 1
github.com/therealutkarshpriyadarshi/network/pkg/icmp/icmp.go:81.2,81.17 1 1
github.com/therealutkarshpriyadarshi/network/pkg/icmp/icmp.go:85.47,102.21 9 1
github.com/therealutkarshpriyadarshi/network/pkg/icmp/icmp.go:102.21,104.3 1 1
github.com/therealutkarshpriyadarshi/network/pkg/icmp/icmp.go:107.2,110.17 3 1
github.com/therealutkarshpriyadarshi/network/pkg/icmp/icmp.go:114.41,122.21 7 1
github.com/therealutkarshpriyadarshi/network/pkg/icmp/icmp.go:122.21,124.3 1 1
github.com/therealutkarshpriyadarshi/network/pkg/icmp/icmp.go:126.2,126.43 1 1
github.com/therealutkarshpriyadarshi/network/pkg/icmp/icmp.go:130.35,133.2 1 0
github.com/therealutkarshpriyadarshi/network/pkg/icmp/icmp.go:136.31,137.11 1 1
github.com/therealutkarshpriyadarshi/network/pkg/icmp/icmp.go:138.21,139.21 1 1
github.com/therealutkarshpriyadarshi/network/pkg/icmp/icmp.go:140.34,141.34 1 1
github.com/therealutkarshpriyadarshi/network/pkg/icmp/icmp.go:142.24,143.24 1 0
github.com/therealutkarshpriyadarshi/network/pkg/icmp/icmp.go:144.20,145.20 1 0
github.com/therealutkarshpriyadarshi/network/pkg/icmp/icmp.go:146.23,147.23 1 1
github.com/therealutkarshpriyadarshi/network/pkg/icmp/icmp.go:148.24,149.24 1 1
github.com/therealutkarshpriyadarshi/network/pkg/icmp/icmp.go:150.28,151.28 1 0
github.com/therealutkarshpriyadarshi/network/pkg/icmp/icmp.go:152.28,153.28 1 0
github.com/therealutkarshpriyadarshi/network/pkg/icmp/icmp.go:154.26,155.26 1 0
github.com/therealutkarshpriyadarshi/network/pkg/icmp/icmp.go:156.10,157.46 1 1
github.com/therealutkarshpriyadarshi/network/pkg/icmp/icmp.go:162.64,170.2 1 1
github.com/therealutkarshpriyadarshi/network/pkg/icmp/icmp.go:173.62,181.2 1 1
github.com/therealutkarshpriyadarshi/network/pkg/icmp/icmp.go:184.65,192.2 1 1
github.com/therealutkarshpriyadarshi/network/pkg/icmp/icmp.go:195.55,203.2 1 1
github.com/therealutkarshpriyadarshi/network/pkg/icmp/icmp.go:206.40,208.2 1 1
github.com/therealutkarshpriyadarshi/network/pkg/icmp/icmp.go:211.38,213.2 1 1
github.com/therealutkarshpriyadarshi/network/pkg/icmp/icmp.go:216.34,222.2 1 1
github.com/therealutkarshpriyadarshi/network/pkg/ethernet/frame.go:50.41,51.28 1 1
github.com/therealutkarshpriyadarshi/network/pkg/ethernet/frame.go:51.28,53.3 1 1
github.com/therealutkarshpriyadarshi/network/pkg/ethernet/frame.go:55.2,70.19 6 1
github.com/therealutkarshpriyadarshi/network/pkg/ethernet/frame.go:76.36,81.37 2 1
github.com/therealutkarshpriyadarshi/network/pkg/ethernet/frame.go:81.37,83.3 1 1
github.com/therealutkarshpriyadarshi/network/pkg/ethernet/frame.go:85.2,101.14 6 1
github.com/therealutkarshpriyadarshi/network/pkg/ethernet/frame.go:105.28,107.37 2 1
github.com/therealutkarshpriyadarshi/network/pkg/ethernet/frame.go:107.37,109.3 1 1
github.com/therealutkarshpriyadarshi/network/pkg/ethernet/frame.go:110.2,110.13 1 1
github.com/therealutkarshpriyadarshi/network/pkg/ethernet/frame.go:114.33,117.2 1 1
github.com/therealutkarshpriyadarshi/network/pkg/ethernet/frame.go:120.36,122.2 1 1
github.com/therealutkarshpriyadarshi/network/pkg/ethernet/frame.go:125.36,127.2 1 1
github.com/therealutkarshpriyadarshi/network/pkg/ethernet/frame.go:130.34,132.2 1 1
github.com/therealutkarshpriyadarshi/network/pkg/ethernet/frame.go:135.94,142.2 1 1
github.com/therealutkarshpriyadarshi/network/pkg/ethernet/interface.go:23.55,26.16 2 0
github.com/therealutkarshpriyadarshi/network/pkg/ethernet/interface.go:26.16,28.3 1 0
github.com/therealutkarshpriyadarshi/network/pkg/ethernet/interface.go:31.2,31.34 1 0
github.com/therealutkarshpriyadarshi/network/pkg/ethernet/interface.go:31.34,33.3 1 0
github.com/therealutkarshpriyadarshi/network/pkg/ethernet/interface.go:34.2,42.16 4 0
github.com/therealutkarshpriyadarshi/network/pkg/ethernet/interface.go:42.16,44.3 1 0
github.com/therealutkarshpriyadarshi/network/pkg/ethernet/interface.go:47.2,52.48 2 0
github.com/therealutkarshpriyadarshi/network/pkg/ethernet/interface.go:52.48,55.3 2 0
github.com/therealutkarshpriyadarshi/network/pkg/ethernet/interface.go:57.2,62.8 1 0
github.com/therealutkarshpriyadarshi/network/pkg/ethernet/interface.go:66.35,67.15 1 0
github.com/therealutkarshpriyadarshi/network/pkg/ethernet/interface.go:67.15,69.3 1 0
github.com/therealutkarshpriyadarshi/network/pkg/ethernet/interface.go:70.2,70.12 1 0
github.com/therealutkarshpriyadarshi/network/pkg/ethernet/interface.go:74.35,76.2 1 0
github.com/therealutkarshpriyadarshi/network/pkg/ethernet/interface.go:79.52,81.2 1 0
github.com/therealutkarshpriyadarshi/network/pkg/ethernet/interface.go:84.33,86.2 1 0
github.com/therealutkarshpriyadarshi/network/pkg/ethernet/interface.go:90.49,96.16 3 0
github.com/therealutkarshpriyadarshi/network/pkg/ethernet/interface.go:96.16,98.3 1 0
github.com/therealutkarshpriyadarshi/network/pkg/ethernet/interface.go:101.2,102.16 2 0
github.com/therealutkarshpriyadarshi/network/pkg/ethernet/interface.go:102.16,104.3 1 0
github.com/therealutkarshpriyadarshi/network/pkg/ethernet/interface.go:106.2,106.19 1 0
github.com/therealutkarshpriyadarshi/network/pkg/ethernet/interface.go:110.52,123.16 5 0
github.com/therealutkarshpriyadarshi/network/pkg/ethernet/interface.go:123.16,125.3 1 0
github.com/therealutkarshpriyadarshi/network/pkg/ethernet/interface.go:127.2,127.12 1 0
github.com/therealutkarshpriyadarshi/network/pkg/ethernet/interface.go:133.55,136.16 2 0
github.com/therealutkarshpriyadarshi/network/pkg/ethernet/interface.go:136.16,138.3 1 0
github.com/therealutkarshpriyadarshi/network/pkg/ethernet/interface.go:145.2,145.12 1 0
github.com/therealutkarshpriyadarshi/network/pkg/ethernet/interface.go:145.12,149.3 2 0
github.com/therealutkarshpriyadarshi/network/pkg/ethernet/interface.go:151.2,151.12 1 0
github.com/therealutkarshpriyadarshi/network/pkg/ethernet/interface.go:155.29,160.2 1 0
github.com/therealutkarshpriyadarshi/network/pkg/ethernet/interface.go:163.41,165.16 2 0
github.com/therealutkarshpriyadarshi/network/pkg/ethernet/interface.go:165.16,167.3 1 0
github.com/therealutkarshpriyadarshi/network/pkg/ethernet/interface.go:169.2,170.31 2 0
github.com/therealutkarshpriyadarshi/network/pkg/ethernet/interface.go:170.31,172.71 1 0
github.com/therealutkarshpriyadarshi/network/pkg/ethernet/interface.go:172.71,173.12 1 0
github.com/therealutkarshpriyadarshi/network/pkg/ethernet/interface.go:175.3,175.36 1 0
github.com/therealutkarshpriyadarshi/network/pkg/ethernet/interface.go:178.2,178.19 1 0
github.com/therealutkarshpriyadarshi/network/pkg/ethernet/interface.go:182.54,184.16 2 0
github.com/therealutkarshpriyadarshi/network/pkg/ethernet/interface.go:184.16,186.3 1 0
github.com/therealutkarshpriyadarshi/network/pkg/ethernet/interface.go:188.2,196.34 7 0
github.com/therealutkarshpriyadarshi/network/pkg/ethernet/interface.go:196.34,198.30 2 0
github.com/therealutkarshpriyadarshi/network/pkg/ethernet/interface.go:198.30,200.4 1 0
github.com/therealutkarshpriyadarshi/network/pkg/ethernet/interface.go:203.2,203.18 1 0
github.com/therealutkarshpriyadarshi/network/pkg/common/buffer.go:19.46,24.2 1 1
github.com/therealutkarshpriyadarshi/network/pkg/common/buffer.go:27.58,32.2 1 1
github.com/therealutkarshpriyadarshi/network/pkg/common/buffer.go:35.40,37.2 1 1
github.com/therealutkarshpriyadarshi/network/pkg/common/buffer.go:40.39,41.28 1 0
github.com/therealutkarshpriyadarshi/network/pkg/common/buffer.go:41.28,43.3 1 0
github.com/therealutkarshpriyadarshi/network/pkg/common/buffer.go:44.2,44.25 1 0
github.com/therealutkarshpriyadarshi/network/pkg/common/buffer.go:48.35,50.2 1 1
github.com/therealutkarshpriyadarshi/network/pkg/common/buffer.go:53.41,55.2 1 1
github.com/therealutkarshpriyadarshi/network/pkg/common/buffer.go:58.40,60.2 1 1
github.com/therealutkarshpriyadarshi/network/pkg/common/buffer.go:63.52,64.35 1 1
github.com/therealutkarshpriyadarshi/network/pkg/common/buffer.go:64.35,66.3 1 1
github.com/therealutkarshpriyadarshi/network/pkg/common/buffer.go:67.2,68.12 2 1
github.com/therealutkarshpriyadarshi/network/pkg/common/buffer.go:72.33,74.2 1 1
github.com/therealutkarshpriyadarshi/network/pkg/common/buffer.go:77.43,78.29 1 1
github.com/therealutkarshpriyadarshi/network/pkg/common/buffer.go:78.29,80.3 1 1
github.com/therealutkarshpriyadarshi/network/pkg/common/buffer.go:81.2,82.12 2 1
github.com/therealutkarshpriyadarshi/network/pkg/common/buffer.go:86.50,87.28 1 1
github.com/therealutkarshpriyadarshi/network/pkg/common/buffer.go:87.28,89.3 1 1
github.com/therealutkarshpriyadarshi/network/pkg/common/buffer.go:90.2,92.15 3 1
github.com/therealutkarshpriyadarshi/network/pkg/common/buffer.go:96.58,97.29 1 1
github.com/therealutkarshpriyadarshi/network/pkg/common/buffer.go:97.29,99.3 1 1
github.com/therealutkarshpriyadarshi/network/pkg/common/buffer.go:100.2,102.18 3 1
github.com/therealutkarshpriyadarshi/network/pkg/common/buffer.go:106.54,107.29 1 1
github.com/therealutkarshpriyadarshi/network/pkg/common/buffer.go:107.29,109.3 1 0
github.com/therealutkarshpriyadarshi/network/pkg/common/buffer.go:110.2,112.17 3 1
github.com/therealutkarshpriyadarshi/network/pkg/common/buffer.go:116.54,117.29 1 1
github.com/therealutkarshpriyadarshi/network/pkg/common/buffer.go:117.29,119.3 1 0
github.com/therealutkarshpriyadarshi/network/pkg/common/buffer.go:120.2,122.17 3 1
github.com/therealutkarshpriyadarshi/network/pkg/common/buffer.go:126.55,127.29 1 1
github.com/therealutkarshpriyadarshi/network/pkg/common/buffer.go:127.29,129.3 1 0
github.com/therealutkarshpriyadarshi/network/pkg/common/buffer.go:130.2,133.17 4 1
github.com/therealutkarshpriyadarshi/network/pkg/common/buffer.go:137.57,138.29 1 1
github.com/therealutkarshpriyadarshi/network/pkg/common/buffer.go:138.29,140.3 1 0
github.com/therealutkarshpriyadarshi/network/pkg/common/buffer.go:141.2,144.16 4 1
github.com/therealutkarshpriyadarshi/network/pkg/common/buffer.go:148.49,149.28 1 1
github.com/therealutkarshpriyadarshi/network/pkg/common/buffer.go:149.28,151.3 1 0
github.com/therealutkarshpriyadarshi/network/pkg/common/buffer.go:152.2,154.12 3 1
github.com/therealutkarshpriyadarshi/network/pkg/common/buffer.go:158.55,159.37 1 0
github.com/therealutkarshpriyadarshi/network/pkg/common/buffer.go:159.37,161.3 1 0
github.com/therealutkarshpriyadarshi/network/pkg/common/buffer.go:162.2,164.12 3 0
github.com/therealutkarshpriyadarshi/network/pkg/common/buffer.go:168.55,169.29 1 1
github.com/therealutkarshpriyadarshi/network/pkg/common/buffer.go:169.29,171.3 1 0
github.com/therealutkarshpriyadarshi/network/pkg/common/buffer.go:172.2,174.12 3 1
github.com/therealutkarshpriyadarshi/network/pkg/common/buffer.go:178.55,179.29 1 1
github.com/therealutkarshpriyadarshi/network/pkg/common/buffer.go:179.29,181.3 1 0
github.com/therealutkarshpriyadarshi/network/pkg/common/buffer.go:182.2,184.12 3 1
github.com/therealutkarshpriyadarshi/network/pkg/common/buffer.go:188.56,189.29 1 1
github.com/therealutkarshpriyadarshi/network/pkg/common/buffer.go:189.29,191.3 1 0
github.com/therealutkarshpriyadarshi/network/pkg/common/buffer.go:192.2,194.12 3 1
github.com/therealutkarshpriyadarshi/network/pkg/common/buffer.go:198.57,199.29 1 1
github.com/therealutkarshpriyadarshi/network/pkg/common/buffer.go:199.29,201.3 1 0
github.com/therealutkarshpriyadarshi/network/pkg/common/buffer.go:202.2,204.12 3 1
github.com/therealutkarshpriyadarshi/network/pkg/common/buffer.go:208.42,210.2 1 1
github.com/therealutkarshpriyadarshi/network/pkg/common/buffer.go:214.34,218.47 3 1
github.com/therealutkarshpriyadarshi/network/pkg/common/buffer.go:218.47,224.26 3 1
github.com/therealutkarshpriyadarshi/network/pkg/common/buffer.go:224.26,226.4 1 1
github.com/therealutkarshpriyadarshi/network/pkg/common/buffer.go:228.3,232.39 3 1
github.com/therealutkarshpriyadarshi/network/pkg/common/buffer.go:232.39,235.15 3 1
github.com/therealutkarshpriyadarshi/network/pkg/common/buffer.go:235.15,237.5 1 1
github.com/therealutkarshpriyadarshi/network/pkg/common/buffer.go:241.3,241.45 1 1
github.com/therealutkarshpriyadarshi/network/pkg/common/buffer.go:241.45,243.14 2 1
github.com/therealutkarshpriyadarshi/network/pkg/common/buffer.go:243.14,245.5 1 1
github.com/therealutkarshpriyadarshi/network/pkg/common/buffer.go:249.3,250.26 2 1
github.com/therealutkarshpriyadarshi/network/pkg/common/buffer.go:250.26,251.27 1 1
github.com/therealutkarshpriyadarshi/network/pkg/common/buffer.go:251.27,253.5 1 1
github.com/therealutkarshpriyadarshi/network/pkg/common/buffer.go:253.10,255.5 1 1
github.com/therealutkarshpriyadarshi/network/pkg/common/buffer.go:257.3,257.24 1 1
github.com/therealutkarshpriyadarshi/network/pkg/common/buffer.go:260.2,260.20 1 1
github.com/therealutkarshpriyadarshi/network/pkg/common/bufferpool.go:28.42,31.28 1 1
github.com/therealutkarshpriyadarshi/network/pkg/common/bufferpool.go:31.28,34.5 2 1
github.com/therealutkarshpriyadarshi/network/pkg/common/bufferpool.go:41.36,44.2 2 1
github.com/therealutkarshpriyadarshi/network/pkg/common/bufferpool.go:48.39,50.21 1 1
github.com/therealutkarshpriyadarshi/network/pkg/common/bufferpool.go:50.21,52.3 1 1
github.com/therealutkarshpriyadarshi/network/pkg/common/bufferpool.go:53.2,53.19 1 1
github.com/therealutkarshpriyadarshi/network/pkg/common/bufferpool.go:58.33,59.29 1 1
github.com/therealutkarshpriyadarshi/network/pkg/common/bufferpool.go:59.29,62.3 2 1
github.com/therealutkarshpriyadarshi/network/pkg/common/bufferpool.go:62.8,62.37 1 1
github.com/therealutkarshpriyadarshi/network/pkg/common/bufferpool.go:62.37,65.3 2 1
github.com/therealutkarshpriyadarshi/network/pkg/common/bufferpool.go:65.8,65.36 1 1
github.com/therealutkarshpriyadarshi/network/pkg/common/bufferpool.go:65.36,68.3 2 1
github.com/therealutkarshpriyadarshi/network/pkg/common/bufferpool.go:70.2,70.27 1 0
github.com/therealutkarshpriyadarshi/network/pkg/common/bufferpool.go:74.28,75.16 1 1
github.com/therealutkarshpriyadarshi/network/pkg/common/bufferpool.go:75.16,77.3 1 0
github.com/therealutkarshpriyadarshi/network/pkg/common/bufferpool.go:79.2,80.33 2 1
github.com/therealutkarshpriyadarshi/network/pkg/common/bufferpool.go:80.33,82.3 1 1
github.com/therealutkarshpriyadarshi/network/pkg/common/bufferpool.go:82.8,82.41 1 1
github.com/therealutkarshpriyadarshi/network/pkg/common/bufferpool.go:82.41,84.3 1 1
github.com/therealutkarshpriyadarshi/network/pkg/common/bufferpool.go:84.8,84.40 1 1
github.com/therealutkarshpriyadarshi/network/pkg/common/bufferpool.go:84.40,86.3 1 1
github.com/therealutkarshpriyadarshi/network/pkg/common/bufferpool.go:107.58,111.36 2 1
github.com/therealutkarshpriyadarshi/network/pkg/common/bufferpool.go:111.36,117.3 5 1
github.com/therealutkarshpriyadarshi/network/pkg/common/bufferpool.go:118.2,118.12 1 1
github.com/therealutkarshpriyadarshi/network/pkg/common/bufferpool.go:122.45,129.2 5 1
github.com/therealutkarshpriyadarshi/network/pkg/common/bufferpool.go:132.48,135.42 3 1
github.com/therealutkarshpriyadarshi/network/pkg/common/bufferpool.go:135.42,137.3 1 1
github.com/therealutkarshpriyadarshi/network/pkg/common/bufferpool.go:138.2,141.21 2 1
github.com/therealutkarshpriyadarshi/network/pkg/common/bufferpool.go:141.21,143.3 1 1
github.com/therealutkarshpriyadarshi/network/pkg/common/bufferpool.go:144.2,144.20 1 1
github.com/therealutkarshpriyadarshi/network/pkg/common/bufferpool.go:148.56,152.2 3 1
github.com/therealutkarshpriyadarshi/network/pkg/common/bufferpool.go:155.40,159.2 3 1
github.com/therealutkarshpriyadarshi/network/pkg/common/checksum.go:11.44,17.35 3 1
github.com/therealutkarshpriyadarshi/network/pkg/common/checksum.go:17.35,19.3 1 1
github.com/therealutkarshpriyadarshi/network/pkg/common/checksum.go:22.2,22.19 1 1
github.com/therealutkarshpriyadarshi/network/pkg/common/checksum.go:22.19,24.3 1 1
github.com/therealutkarshpriyadarshi/network/pkg/common/checksum.go:28.2,28.19 1 1
github.com/therealutkarshpriyadarshi/network/pkg/common/checksum.go:28.19,30.3 1 1
github.com/therealutkarshpriyadarshi/network/pkg/common/checksum.go:33.2,33.21 1 1
github.com/therealutkarshpriyadarshi/network/pkg/common/checksum.go:39.39,42.2 2 1
github.com/therealutkarshpriyadarshi/network/pkg/common/checksum.go:54.73,55.34 1 1
github.com/therealutkarshpriyadarshi/network/pkg/common/checksum.go:55.34,58.53 1 0
github.com/therealutkarshpriyadarshi/network/pkg/common/checksum.go:62.2,65.41 2 1
github.com/therealutkarshpriyadarshi/network/pkg/common/checksum.go:65.41,67.3 1 1
github.com/therealutkarshpriyadarshi/network/pkg/common/checksum.go:68.2,68.25 1 1
github.com/therealutkarshpriyadarshi/network/pkg/common/checksum.go:68.25,70.3 1 0
github.com/therealutkarshpriyadarshi/network/pkg/common/checksum.go:73.2,73.41 1 1
github.com/therealutkarshpriyadarshi/network/pkg/common/checksum.go:73.41,75.3 1 1
github.com/therealutkarshpriyadarshi/network/pkg/common/checksum.go:76.2,76.25 1 1
github.com/therealutkarshpriyadarshi/network/pkg/common/checksum.go:76.25,78.3 1 0
github.com/therealutkarshpriyadarshi/network/pkg/common/checksum.go:81.2,81.19 1 1
github.com/therealutkarshpriyadarshi/network/pkg/common/checksum.go:81.19,83.3 1 1
github.com/therealutkarshpriyadarshi/network/pkg/common/checksum.go:85.2,85.21 1 1
github.com/therealutkarshpriyadarshi/network/pkg/common/checksum.go:99.39,107.2 7 1
github.com/therealutkarshpriyadarshi/network/pkg/common/checksum.go:111.87,119.2 5 1
github.com/therealutkarshpriyadarshi/network/pkg/common/checksum_optimized.go:7.53,13.19 4 1
github.com/therealutkarshpriyadarshi/network/pkg/common/checksum_optimized.go:13.19,19.3 5 1
github.com/therealutkarshpriyadarshi/network/pkg/common/checksum_optimized.go:22.2,22.19 1 1
github.com/therealutkarshpriyadarshi/network/pkg/common/checksum_optimized.go:22.19,25.3 2 1
github.com/therealutkarshpriyadarshi/network/pkg/common/checksum_optimized.go:28.2,28.16 1 1
github.com/therealutkarshpriyadarshi/network/pkg/common/checksum_optimized.go:28.16,30.3 1 1
github.com/therealutkarshpriyadarshi/network/pkg/common/checksum_optimized.go:33.2,33.19 1 1
github.com/therealutkarshpriyadarshi/network/pkg/common/checksum_optimized.go:33.19,35.3 1 1
github.com/therealutkarshpriyadarshi/network/pkg/common/checksum_optimized.go:37.2,37.21 1 1
github.com/therealutkarshpriyadarshi/network/pkg/common/checksum_optimized.go:41.48,43.17 2 1
github.com/therealutkarshpriyadarshi/network/pkg/common/checksum_optimized.go:43.17,45.3 1 1
github.com/therealutkarshpriyadarshi/network/pkg/common/checksum_optimized.go:47.2,51.20 3 1
github.com/therealutkarshpriyadarshi/network/pkg/common/checksum_optimized.go:51.20,66.31 11 1
github.com/therealutkarshpriyadarshi/network/pkg/common/checksum_optimized.go:66.31,68.4 1 0
github.com/therealutkarshpriyadarshi/network/pkg/common/checksum_optimized.go:72.2,72.19 1 1
github.com/therealutkarshpriyadarshi/network/pkg/common/checksum_optimized.go:72.19,75.3 2 1
github.com/therealutkarshpriyadarshi/network/pkg/common/checksum_optimized.go:78.2,78.16 1 1
github.com/therealutkarshpriyadarshi/network/pkg/common/checksum_optimized.go:78.16,80.3 1 1
github.com/therealutkarshpriyadarshi/network/pkg/common/checksum_optimized.go:83.2,83.19 1 1
github.com/therealutkarshpriyadarshi/network/pkg/common/checksum_optimized.go:83.19,85.3 1 1
github.com/therealutkarshpriyadarshi/network/pkg/common/checksum_optimized.go:87.2,87.21 1 1
github.com/therealutkarshpriyadarshi/network/pkg/common/checksum_optimized.go:92.96,118.20 11 1
github.com/therealutkarshpriyadarshi/network/pkg/common/checksum_optimized.go:118.20,131.31 11 1
github.com/therealutkarshpriyadarshi/network/pkg/common/checksum_optimized.go:131.31,133.4 1 0
github.com/therealutkarshpriyadarshi/network/pkg/common/checksum_optimized.go:137.2,137.19 1 1
github.com/therealutkarshpriyadarshi/network/pkg/common/checksum_optimized.go:137.19,140.3 2 1
github.com/therealutkarshpriyadarshi/network/pkg/common/checksum_optimized.go:143.2,143.16 1 1
github.com/therealutkarshpriyadarshi/network/pkg/common/checksum_optimized.go:143.16,145.3 1 1
github.com/therealutkarshpriyadarshi/network/pkg/common/checksum_optimized.go:148.2,148.19 1 1
github.com/therealutkarshpriyadarshi/network/pkg/common/checksum_optimized.go:148.19,150.3 1 1
github.com/therealutkarshpriyadarshi/network/pkg/common/checksum_optimized.go:152.2,152.21 1 1
github.com/therealutkarshpriyadarshi/network/pkg/common/checksum_optimized.go:158.82,160.2 1 1
github.com/therealutkarshpriyadarshi/network/pkg/common/checksum_optimized.go:167.55,168.18 1 0
github.com/therealutkarshpriyadarshi/network/pkg/common/checksum_optimized.go:168.18,171.3 1 0
github.com/therealutkarshpriyadarshi/network/pkg/common/checksum_optimized.go:171.8,171.24 1 0
github.com/therealutkarshpriyadarshi/network/pkg/common/checksum_optimized.go:171.24,174.3 1 0
github.com/therealutkarshpriyadarshi/network/pkg/common/checksum_optimized.go:176.2,176.26 1 0
github.com/therealutkarshpriyadarshi/network/pkg/common/types.go:14.37,17.2 1 1
github.com/therealutkarshpriyadarshi/network/pkg/common/types.go:20.40,23.2 1 1
github.com/therealutkarshpriyadarshi/network/pkg/common/types.go:26.40,28.2 1 1
github.com/therealutkarshpriyadarshi/network/pkg/common/types.go:31.45,33.16 2 1
github.com/therealutkarshpriyadarshi/network/pkg/common/types.go:33.16,35.3 1 1
github.com/therealutkarshpriyadarshi/network/pkg/common/types.go:36.2,36.18 1 1
github.com/therealutkarshpriyadarshi/network/pkg/common/types.go:36.18,38.3 1 0
github.com/therealutkarshpriyadarshi/network/pkg/common/types.go:39.2,41.17 3 1
github.com/therealutkarshpriyadarshi/network/pkg/common/types.go:51.39,53.2 1 1
github.com/therealutkarshpriyadarshi/network/pkg/common/types.go:56.41,58.2 1 1
github.com/therealutkarshpriyadarshi/network/pkg/common/types.go:61.47,63.15 2 1
github.com/therealutkarshpriyadarshi/network/pkg/common/types.go:63.15,65.3 1 1
github.com/therealutkarshpriyadarshi/network/pkg/common/types.go:66.2,67.15 2 1
github.com/therealutkarshpriyadarshi/network/pkg/common/types.go:67.15,69.3 1 1
github.com/therealutkarshpriyadarshi/network/pkg/common/types.go:70.2,72.18 3 1
github.com/therealutkarshpriyadarshi/network/pkg/common/types.go:76.43,80.2 3 1
github.com/therealutkarshpriyadarshi/network/pkg/common/types.go:86.39,89.2 2 0
github.com/therealutkarshpriyadarshi/network/pkg/common/types.go:92.47,94.15 2 0
github.com/therealutkarshpriyadarshi/network/pkg/common/types.go:94.15,96.3 1 0
github.com/therealutkarshpriyadarshi/network/pkg/common/types.go:97.2,98.15 2 0
github.com/therealutkarshpriyadarshi/network/pkg/common/types.go:98.15,100.3 1 0
github.com/therealutkarshpriyadarshi/network/pkg/common/types.go:101.2,103.18 3 0
github.com/therealutkarshpriyadarshi/network/pkg/common/types.go:107.41,108.26 1 0
github.com/therealutkarshpriyadarshi/network/pkg/common/types.go:108.26,109.17 1 0
github.com/therealutkarshpriyadarshi/network/pkg/common/types.go:109.17,111.4 1 0
github.com/therealutkarshpriyadarshi/network/pkg/common/types.go:113.2,113.20 1 0
github.com/therealutkarshpriyadarshi/network/pkg/common/types.go:117.42,119.2 1 0
github.com/therealutkarshpriyadarshi/network/pkg/common/types.go:122.42,124.2 1 0
github.com/therealutkarshpriyadarshi/network/pkg/common/types.go:137.37,138.12 1 1
github.com/therealutkarshpriyadarshi/network/pkg/common/types.go:139.21,140.16 1 1
github.com/therealutkarshpriyadarshi/network/pkg/common/types.go:141.20,142.15 1 1
github.com/therealutkarshpriyadarshi/network/pkg/common/types.go:143.21,144.16 1 1
github.com/therealutkarshpriyadarshi/network/pkg/common/types.go:145.10,146.52 1 1
github.com/therealutkarshpriyadarshi/network/pkg/common/types.go:166.35,167.11 1 1
github.com/therealutkarshpriyadarshi/network/pkg/common/types.go:168.20,169.16 1 1
github.com/therealutkarshpriyadarshi/network/pkg/common/types.go:170.19,171.15 1 1
github.com/therealutkarshpriyadarshi/network/pkg/common/types.go:172.19,173.15 1 1
github.com/therealutkarshpriyadarshi/network/pkg/common/types.go:174.20,175.16 1 0
github.com/therealutkarshpriyadarshi/network/pkg/common/types.go:176.22,177.18 1 0
github.com/therealutkarshpriyadarshi/network/pkg/common/types.go:178.22,179.18 1 0
github.com/therealutkarshpriyadarshi/network/pkg/common/types.go:180.24,181.20 1 0
github.com/therealutkarshpriyadarshi/network/pkg/common/types.go:182.23,183.19 1 0
github.com/therealutkarshpriyadarshi/network/pkg/common/types.go:184.10,185.46 1 1
github.com/therealutkarshpriyadarshi/network/pkg/tls/connection.go:18.50,26.2 3 0
github.com/therealutkarshpriyadarshi/network/pkg/tls/connection.go:29.50,37.2 3 0
github.com/therealutkarshpriyadarshi/network/pkg/tls/connection.go:40.34,42.2 1 0
github.com/therealutkarshpriyadarshi/network/pkg/tls/connection.go:45.44,47.2 1 0
github.com/therealutkarshpriyadarshi/network/pkg/tls/connection.go:50.45,52.2 1 0
github.com/therealutkarshpriyadarshi/network/pkg/tls/connection.go:55.30,57.2 1 0
github.com/therealutkarshpriyadarshi/network/pkg/tls/connection.go:60.54,62.2 1 0
github.com/therealutkarshpriyadarshi/network/pkg/tls/connection.go:65.54,67.2 1 0
github.com/therealutkarshpriyadarshi/network/pkg/tls/connection.go:70.47,72.2 1 0
github.com/therealutkarshpriyadarshi/network/pkg/tls/connection.go:75.45,77.2 1 0
github.com/therealutkarshpriyadarshi/network/pkg/tls/connection.go:80.40,82.2 1 0
github.com/therealutkarshpriyadarshi/network/pkg/tls/connection.go:85.35,88.2 2 0
github.com/therealutkarshpriyadarshi/network/pkg/tls/connection.go:91.57,95.46 3 0
github.com/therealutkarshpriyadarshi/network/pkg/tls/connection.go:95.46,100.3 2 0
github.com/therealutkarshpriyadarshi/network/pkg/tls/connection.go:102.2,102.14 1 0
github.com/therealutkarshpriyadarshi/network/pkg/tls/connection.go:106.47,108.16 2 0
github.com/therealutkarshpriyadarshi/network/pkg/tls/connection.go:108.16,110.3 1 0
github.com/therealutkarshpriyadarshi/network/pkg/tls/connection.go:111.2,111.20 1 0
github.com/therealutkarshpriyadarshi/network/pkg/tls/connection.go:111.20,113.3 1 0
github.com/therealutkarshpriyadarshi/network/pkg/tls/connection.go:114.2,114.12 1 0
github.com/therealutkarshpriyadarshi/network/pkg/tls/connection.go:118.50,121.16 3 0
github.com/therealutkarshpriyadarshi/network/pkg/tls/connection.go:121.16,123.3 1 0
github.com/therealutkarshpriyadarshi/network/pkg/tls/connection.go:124.2,124.17 1 0
github.com/therealutkarshpriyadarshi/network/pkg/tls/connection.go:128.32,132.2 2 0
github.com/therealutkarshpriyadarshi/network/pkg/tls/tls.go:55.30,68.2 1 0
github.com/therealutkarshpriyadarshi/network/pkg/tls/tls.go:71.47,81.29 2 0
github.com/therealutkarshpriyadarshi/network/pkg/tls/tls.go:81.29,83.37 2 0
github.com/therealutkarshpriyadarshi/network/pkg/tls/tls.go:83.37,85.4 1 0
github.com/therealutkarshpriyadarshi/network/pkg/tls/tls.go:88.2,88.18 1 0
github.com/therealutkarshpriyadarshi/network/pkg/tls/tls.go:92.84,95.16 2 0
github.com/therealutkarshpriyadarshi/network/pkg/tls/tls.go:95.16,97.3 1 0
github.com/therealutkarshpriyadarshi/network/pkg/tls/tls.go:100.2,101.16 2 0
github.com/therealutkarshpriyadarshi/network/pkg/tls/tls.go:101.16,103.3 1 0
github.com/therealutkarshpriyadarshi/network/pkg/tls/tls.go:105.2,121.16 3 0
github.com/therealutkarshpriyadarshi/network/pkg/tls/tls.go:121.16,123.3 1 0
github.com/therealutkarshpriyadarshi/network/pkg/tls/tls.go:126.2,137.29 3 0
github.com/therealutkarshpriyadarshi/network/pkg/tls/tls.go:141.71,143.2 1 0
github.com/therealutkarshpriyadarshi/network/pkg/tls/tls.go:146.37,147.11 1 0
github.com/therealutkarshpriyadarshi/network/pkg/tls/tls.go:148.20,149.19 1 0
github.com/therealutkarshpriyadarshi/network/pkg/tls/tls.go:150.20,151.19 1 0
github.com/therealutkarshpriyadarshi/network/pkg/tls/tls.go:152.20,153.19 1 0
github.com/therealutkarshpriyadarshi/network/pkg/tls/tls.go:154.20,155.19 1 0
github.com/therealutkarshpriyadarshi/network/pkg/tls/tls.go:156.10,157.51 1 0
github.com/therealutkarshpriyadarshi/network/pkg/tls/tls.go:162.39,163.12 1 0
github.com/therealutkarshpriyadarshi/network/pkg/tls/tls.go:164.30,165.34 1 0
github.com/therealutkarshpriyadarshi/network/pkg/tls/tls.go:166.30,167.34 1 0
github.com/therealutkarshpriyadarshi/network/pkg/tls/tls.go:168.36,169.40 1 0
github.com/therealutkarshpriyadarshi/network/pkg/tls/tls.go:170.45,171.49 1 0
github.com/therealutkarshpriyadarshi/network/pkg/tls/tls.go:172.45,173.49 1 0
github.com/therealutkarshpriyadarshi/network/pkg/tls/tls.go:174.47,175.51 1 0
github.com/therealutkarshpriyadarshi/network/pkg/tls/tls.go:176.47,177.51 1 0
github.com/therealutkarshpriyadarshi/network/pkg/tls/tls.go:178.10,179.52 1 0
github.com/therealutkarshpriyadarshi/network/pkg/multicast/igmp.go:33.51,34.31 1 0
github.com/therealutkarshpriyadarshi/network/pkg/multicast/igmp.go:34.31,36.3 1 0
github.com/therealutkarshpriyadarshi/network/pkg/multicast/igmp.go:38.2,46.31 3 0
github.com/therealutkarshpriyadarshi/network/pkg/multicast/igmp.go:46.31,49.3 2 0
github.com/therealutkarshpriyadarshi/network/pkg/multicast/igmp.go:51.2,51.17 1 0
github.com/therealutkarshpriyadarshi/network/pkg/multicast/igmp.go:55.51,65.31 7 0
github.com/therealutkarshpriyadarshi/network/pkg/multicast/igmp.go:65.31,67.3 1 0
github.com/therealutkarshpriyadarshi/network/pkg/multicast/igmp.go:70.2,73.17 3 0
github.com/therealutkarshpriyadarshi/network/pkg/multicast/igmp.go:77.56,79.2 1 0
github.com/therealutkarshpriyadarshi/network/pkg/multicast/igmp.go:82.87,88.2 1 0
github.com/therealutkarshpriyadarshi/network/pkg/multicast/igmp.go:91.69,97.2 1 0
github.com/therealutkarshpriyadarshi/network/pkg/multicast/igmp.go:100.63,106.2 1 0
github.com/therealutkarshpriyadarshi/network/pkg/multicast/igmp.go:109.39,111.16 2 0
github.com/therealutkarshpriyadarshi/network/pkg/multicast/igmp.go:112.27,113.20 1 0
github.com/therealutkarshpriyadarshi/network/pkg/multicast/igmp.go:114.30,115.25 1 0
github.com/therealutkarshpriyadarshi/network/pkg/multicast/igmp.go:116.30,117.25 1 0
github.com/therealutkarshpriyadarshi/network/pkg/multicast/igmp.go:118.24,119.20 1 0
github.com/therealutkarshpriyadarshi/network/pkg/multicast/igmp.go:120.30,121.25 1 0
github.com/therealutkarshpriyadarshi/network/pkg/multicast/igmp.go:124.2,125.42 1 0
github.com/therealutkarshpriyadarshi/network/pkg/multicast/mld.go:34.49,35.30 1 0
github.com/therealutkarshpriyadarshi/network/pkg/multicast/mld.go:35.30,37.3 1 0
github.com/therealutkarshpriyadarshi/network/pkg/multicast/mld.go:39.2,49.30 3 0
github.com/therealutkarshpriyadarshi/network/pkg/multicast/mld.go:49.30,52.3 2 0
github.com/therealutkarshpriyadarshi/network/pkg/multicast/mld.go:54.2,54.17 1 0
github.com/therealutkarshpriyadarshi/network/pkg/multicast/mld.go:58.50,70.31 9 0
github.com/therealutkarshpriyadarshi/network/pkg/multicast/mld.go:70.31,72.3 1 0
github.com/therealutkarshpriyadarshi/network/pkg/multicast/mld.go:76.2,79.17 3 0
github.com/therealutkarshpriyadarshi/network/pkg/multicast/mld.go:83.85,90.2 1 0
github.com/therealutkarshpriyadarshi/network/pkg/multicast/mld.go:93.65,100.2 1 0
github.com/therealutkarshpriyadarshi/network/pkg/multicast/mld.go:103.63,110.2 1 0
github.com/therealutkarshpriyadarshi/network/pkg/multicast/mld.go:113.38,115.16 2 0
github.com/therealutkarshpriyadarshi/network/pkg/multicast/mld.go:116.16,117.20 1 0
github.com/therealutkarshpriyadarshi/network/pkg/multicast/mld.go:118.17,119.21 1 0
github.com/therealutkarshpriyadarshi/network/pkg/multicast/mld.go:120.15,121.19 1 0
github.com/therealutkarshpriyadarshi/network/pkg/multicast/mld.go:122.19,123.25 1 0
github.com/therealutkarshpriyadarshi/network/pkg/multicast/mld.go:126.2,127.47 1 0
github.com/therealutkarshpriyadarshi/network/pkg/multicast/multicast.go:38.52,41.2 1 0
github.com/therealutkarshpriyadarshi/network/pkg/multicast/multicast.go:44.52,47.2 1 0
github.com/therealutkarshpriyadarshi/network/pkg/multicast/multicast.go:63.68,64.28 1 0
github.com/therealutkarshpriyadarshi/network/pkg/multicast/multicast.go:64.28,66.3 1 0
github.com/therealutkarshpriyadarshi/network/pkg/multicast/multicast.go:67.2,67.39 1 0
github.com/therealutkarshpriyadarshi/network/pkg/multicast/multicast.go:78.64,84.2 1 0
github.com/therealutkarshpriyadarshi/network/pkg/multicast/multicast.go:87.64,93.2 1 0
github.com/therealutkarshpriyadarshi/network/pkg/multicast/multicast.go:96.44,97.30 1 0
github.com/therealutkarshpriyadarshi/network/pkg/multicast/multicast.go:97.30,98.20 1 0
github.com/therealutkarshpriyadarshi/network/pkg/multicast/multicast.go:98.20,100.4 1 0
github.com/therealutkarshpriyadarshi/network/pkg/multicast/multicast.go:102.2,102.41 1 0
github.com/therealutkarshpriyadarshi/network/pkg/multicast/multicast.go:106.47,107.30 1 0
github.com/therealutkarshpriyadarshi/network/pkg/multicast/multicast.go:107.30,108.20 1 0
github.com/therealutkarshpriyadarshi/network/pkg/multicast/multicast.go:108.20,111.4 2 0
github.com/therealutkarshpriyadarshi/network/pkg/multicast/multicast.go:116.49,117.30 1 0
github.com/therealutkarshpriyadarshi/network/pkg/multicast/multicast.go:117.30,118.20 1 0
github.com/therealutkarshpriyadarshi/network/pkg/multicast/multicast.go:118.20,120.4 1 0
github.com/therealutkarshpriyadarshi/network/pkg/multicast/multicast.go:122.2,122.14 1 0
github.com/therealutkarshpriyadarshi/network/pkg/multicast/multicast.go:126.35,128.2 1 0
github.com/therealutkarshpriyadarshi/network/pkg/multicast/multicast.go:131.33,133.34 2 0
github.com/therealutkarshpriyadarshi/network/pkg/multicast/multicast.go:134.26,135.26 1 0
github.com/therealutkarshpriyadarshi/network/pkg/multicast/multicast.go:136.26,137.26 1 0
github.com/therealutkarshpriyadarshi/network/pkg/multicast/multicast.go:138.10,139.22 1 0
github.com/therealutkarshpriyadarshi/network/pkg/multicast/multicast.go:141.2,141.84 1 0
github.com/therealutkarshpriyadarshi/network/pkg/multicast/multicast.go:150.28,154.2 1 0
github.com/therealutkarshpriyadarshi/network/pkg/multicast/multicast.go:157.49,159.38 2 0
github.com/therealutkarshpriyadarshi/network/pkg/multicast/multicast.go:160.26,161.29 1 0
github.com/therealutkarshpriyadarshi/network/pkg/multicast/multicast.go:161.29,163.4 1 0
github.com/therealutkarshpriyadarshi/network/pkg/multicast/multicast.go:164.3,164.22 1 0
github.com/therealutkarshpriyadarshi/network/pkg/multicast/multicast.go:165.26,166.29 1 0
github.com/therealutkarshpriyadarshi/network/pkg/multicast/multicast.go:166.29,168.4 1 0
github.com/therealutkarshpriyadarshi/network/pkg/multicast/multicast.go:169.3,169.22 1 0
github.com/therealutkarshpriyadarshi/network/pkg/multicast/multicast.go:170.10,171.44 1 0
github.com/therealutkarshpriyadarshi/network/pkg/multicast/multicast.go:174.2,175.12 2 0
github.com/therealutkarshpriyadarshi/network/pkg/multicast/multicast.go:179.54,181.26 2 0
github.com/therealutkarshpriyadarshi/network/pkg/multicast/multicast.go:182.26,183.19 1 0
github.com/therealutkarshpriyadarshi/network/pkg/multicast/multicast.go:184.26,185.19 1 0
github.com/therealutkarshpriyadarshi/network/pkg/multicast/multicast.go:186.10,187.44 1 0
github.com/therealutkarshpriyadarshi/network/pkg/multicast/multicast.go:190.2,191.12 2 0
github.com/therealutkarshpriyadarshi/network/pkg/multicast/multicast.go:195.62,197.26 2 0
github.com/therealutkarshpriyadarshi/network/pkg/multicast/multicast.go:198.26,199.19 1 0
github.com/therealutkarshpriyadarshi/network/pkg/multicast/multicast.go:200.26,201.19 1 0
github.com/therealutkarshpriyadarshi/network/pkg/multicast/multicast.go:202.10,203.49 1 0
github.com/therealutkarshpriyadarshi/network/pkg/multicast/multicast.go:206.2,207.9 2 0
github.com/therealutkarshpriyadarshi/network/pkg/multicast/multicast.go:207.9,209.3 1 0
github.com/therealutkarshpriyadarshi/network/pkg/multicast/multicast.go:211.2,211.19 1 0
github.com/therealutkarshpriyadarshi/network/pkg/multicast/multicast.go:215.41,217.29 2 0
github.com/therealutkarshpriyadarshi/network/pkg/multicast/multicast.go:217.29,219.3 1 0
github.com/therealutkarshpriyadarshi/network/pkg/multicast/multicast.go:220.2,220.15 1 0
github.com/therealutkarshpriyadarshi/network/pkg/multicast/multicast.go:230.76,232.16 2 0
github.com/therealutkarshpriyadarshi/network/pkg/multicast/multicast.go:232.16,234.3 1 0
github.com/therealutkarshpriyadarshi/network/pkg/multicast/multicast.go:236.2,239.8 1 0
github.com/therealutkarshpriyadarshi/network/pkg/multicast/multicast.go:243.83,244.46 1 0
github.com/therealutkarshpriyadarshi/network/pkg/multicast/multicast.go:244.46,247.3 2 0
github.com/therealutkarshpriyadarshi/network/pkg/multicast/multicast.go:248.2,248.43 1 0
github.com/therealutkarshpriyadarshi/network/pkg/multicast/multicast.go:252.83,253.46 1 0
github.com/therealutkarshpriyadarshi/network/pkg/multicast/multicast.go:253.46,256.3 2 0
github.com/therealutkarshpriyadarshi/network/pkg/multicast/multicast.go:257.2,257.43 1 0
github.com/therealutkarshpriyadarshi/network/pkg/multicast/multicast.go:261.84,262.46 1 0
github.com/therealutkarshpriyadarshi/network/pkg/multicast/multicast.go:262.46,265.3 2 0
github.com/therealutkarshpriyadarshi/network/pkg/multicast/multicast.go:266.2,266.43 1 0
github.com/therealutkarshpriyadarshi/network/pkg/multicast/multicast.go:270.84,271.46 1 0
github.com/therealutkarshpriyadarshi/network/pkg/multicast/multicast.go:271.46,274.3 2 0
github.com/therealutkarshpriyadarshi/network/pkg/multicast/multicast.go:275.2,275.43 1 0
github.com/therealutkarshpriyadarshi/network/pkg/multicast/multicast.go:279.75,281.2 1 0
github.com/therealutkarshpriyadarshi/network/pkg/multicast/multicast.go:284.74,286.2 1 0
github.com/therealutkarshpriyadarshi/network/pkg/multicast/multicast.go:289.41,291.2 1 0
github.com/therealutkarshpriyadarshi/network/pkg/multicast/multicast.go:294.49,295.41 1 0
github.com/therealutkarshpriyadarshi/network/pkg/multicast/multicast.go:295.41,297.3 1 0
github.com/therealutkarshpriyadarshi/network/pkg/multicast/multicast.go:298.2,298.43 1 0
github.com/therealutkarshpriyadarshi/network/pkg/multicast/multicast.go:302.55,304.2 1 0
github.com/therealutkarshpriyadarshi/network/pkg/ipv6/dualstack.go:18.56,20.2 1 1
github.com/therealutkarshpriyadarshi/network/pkg/ipv6/dualstack.go:23.56,25.2 1 1
github.com/therealutkarshpriyadarshi/network/pkg/ipv6/dualstack.go:28.35,30.2 1 1
github.com/therealutkarshpriyadarshi/network/pkg/ipv6/dualstack.go:33.35,35.2 1 1
github.com/therealutkarshpriyadarshi/network/pkg/ipv6/dualstack.go:38.37,39.20 1 1
github.com/therealutkarshpriyadarshi/network/pkg/ipv6/dualstack.go:39.20,41.3 1 1
github.com/therealutkarshpriyadarshi/network/pkg/ipv6/dualstack.go:42.2,42.20 1 1
github.com/therealutkarshpriyadarshi/network/pkg/ipv6/dualstack.go:42.20,44.3 1 1
github.com/therealutkarshpriyadarshi/network/pkg/ipv6/dualstack.go:45.2,45.20 1 1
github.com/therealutkarshpriyadarshi/network/pkg/ipv6/dualstack.go:55.53,57.2 1 1
github.com/therealutkarshpriyadarshi/network/pkg/ipv6/dualstack.go:60.50,62.2 1 1
github.com/therealutkarshpriyadarshi/network/pkg/ipv6/dualstack.go:65.41,67.2 1 1
github.com/therealutkarshpriyadarshi/network/pkg/ipv6/dualstack.go:70.41,72.2 1 1
github.com/therealutkarshpriyadarshi/network/pkg/ipv6/dualstack.go:75.55,76.19 1 1
github.com/therealutkarshpriyadarshi/network/pkg/ipv6/dualstack.go:76.19,78.3 1 1
github.com/therealutkarshpriyadarshi/network/pkg/ipv6/dualstack.go:79.2,79.19 1 1
github.com/therealutkarshpriyadarshi/network/pkg/ipv6/dualstack.go:79.19,81.3 1 1
github.com/therealutkarshpriyadarshi/network/pkg/ipv6/dualstack.go:82.2,82.53 1 1
github.com/therealutkarshpriyadarshi/network/pkg/ipv6/dualstack.go:86.57,87.19 1 1
github.com/therealutkarshpriyadarshi/network/pkg/ipv6/dualstack.go:87.19,89.3 1 1
github.com/therealutkarshpriyadarshi/network/pkg/ipv6/dualstack.go:90.2,90.19 1 1
github.com/therealutkarshpriyadarshi/network/pkg/ipv6/dualstack.go:90.19,92.3 1 1
github.com/therealutkarshpriyadarshi/network/pkg/ipv6/dualstack.go:93.2,93.10 1 1
github.com/therealutkarshpriyadarshi/network/pkg/ipv6/dualstack.go:97.47,98.19 1 1
github.com/therealutkarshpriyadarshi/network/pkg/ipv6/dualstack.go:98.19,100.3 1 1
github.com/therealutkarshpriyadarshi/network/pkg/ipv6/dualstack.go:101.2,101.19 1 1
github.com/therealutkarshpriyadarshi/network/pkg/ipv6/dualstack.go:101.19,103.3 1 1
github.com/therealutkarshpriyadarshi/network/pkg/ipv6/dualstack.go:104.2,104.12 1 1
github.com/therealutkarshpriyadarshi/network/pkg/ipv6/dualstack.go:108.43,109.19 1 1
github.com/therealutkarshpriyadarshi/network/pkg/ipv6/dualstack.go:109.19,111.3 1 1
github.com/therealutkarshpriyadarshi/network/pkg/ipv6/dualstack.go:112.2,112.19 1 1
github.com/therealutkarshpriyadarshi/network/pkg/ipv6/dualstack.go:112.19,114.3 1 1
github.com/therealutkarshpriyadarshi/network/pkg/ipv6/dualstack.go:115.2,115.20 1 1
github.com/therealutkarshpriyadarshi/network/pkg/ipv6/packet.go:51.42,52.30 1 1
github.com/therealutkarshpriyadarshi/network/pkg/ipv6/packet.go:52.30,54.3 1 1
github.com/therealutkarshpriyadarshi/network/pkg/ipv6/packet.go:56.2,64.32 6 1
github.com/therealutkarshpriyadarshi/network/pkg/ipv6/packet.go:64.32,66.3 1 1
github.com/therealutkarshpriyadarshi/network/pkg/ipv6/packet.go:69.2,80.30 6 1
github.com/therealutkarshpriyadarshi/network/pkg/ipv6/packet.go:80.30,82.45 2 1
github.com/therealutkarshpriyadarshi/network/pkg/ipv6/packet.go:82.45,84.4 1 0
github.com/therealutkarshpriyadarshi/network/pkg/ipv6/packet.go:85.3,85.45 1 1
github.com/therealutkarshpriyadarshi/network/pkg/ipv6/packet.go:88.2,88.17 1 1
github.com/therealutkarshpriyadarshi/network/pkg/ipv6/packet.go:92.46,95.35 2 1
github.com/therealutkarshpriyadarshi/network/pkg/ipv6/packet.go:95.35,97.3 1 1
github.com/therealutkarshpriyadarshi/network/pkg/ipv6/packet.go:99.2,99.32 1 1
github.com/therealutkarshpriyadarshi/network/pkg/ipv6/packet.go:99.32,101.3 1 0
github.com/therealutkarshpriyadarshi/network/pkg/ipv6/packet.go:103.2,126.35 12 1
github.com/therealutkarshpriyadarshi/network/pkg/ipv6/packet.go:126.35,129.3 2 1
github.com/therealutkarshpriyadarshi/network/pkg/ipv6/packet.go:130.2,132.17 2 1
github.com/therealutkarshpriyadarshi/network/pkg/ipv6/packet.go:136.43,137.21 1 1
github.com/therealutkarshpriyadarshi/network/pkg/ipv6/packet.go:137.21,139.3 1 1
github.com/therealutkarshpriyadarshi/network/pkg/ipv6/packet.go:140.2,141.23 2 1
github.com/therealutkarshpriyadarshi/network/pkg/ipv6/packet.go:145.34,148.2 1 1
github.com/therealutkarshpriyadarshi/network/pkg/ipv6/packet.go:151.95,164.2 1 1
github.com/therealutkarshpriyadarshi/network/pkg/ip/fragment.go:47.34,59.2 4 1
github.com/therealutkarshpriyadarshi/network/pkg/ip/fragment.go:62.30,64.28 2 1
github.com/therealutkarshpriyadarshi/network/pkg/ip/fragment.go:64.28,66.3 1 1
github.com/therealutkarshpriyadarshi/network/pkg/ip/fragment.go:70.36,71.6 1 1
github.com/therealutkarshpriyadarshi/network/pkg/ip/fragment.go:71.6,72.10 1 1
github.com/therealutkarshpriyadarshi/network/pkg/ip/fragment.go:73.28,74.15 1 0
github.com/therealutkarshpriyadarshi/network/pkg/ip/fragment.go:75.17,76.10 1 1
github.com/therealutkarshpriyadarshi/network/pkg/ip/fragment.go:82.32,87.38 4 1
github.com/therealutkarshpriyadarshi/network/pkg/ip/fragment.go:87.38,88.48 1 1
github.com/therealutkarshpriyadarshi/network/pkg/ip/fragment.go:88.48,90.4 1 1
github.com/therealutkarshpriyadarshi/network/pkg/ip/fragment.go:95.72,103.25 4 1
github.com/therealutkarshpriyadarshi/network/pkg/ip/fragment.go:103.25,105.3 1 0
github.com/therealutkarshpriyadarshi/network/pkg/ip/fragment.go:107.2,108.34 2 1
github.com/therealutkarshpriyadarshi/network/pkg/ip/fragment.go:108.34,111.3 1 1
github.com/therealutkarshpriyadarshi/network/pkg/ip/fragment.go:114.2,114.29 1 1
github.com/therealutkarshpriyadarshi/network/pkg/ip/fragment.go:114.29,119.3 4 0
github.com/therealutkarshpriyadarshi/network/pkg/ip/fragment.go:122.2,125.26 3 1
github.com/therealutkarshpriyadarshi/network/pkg/ip/fragment.go:125.26,129.24 3 1
github.com/therealutkarshpriyadarshi/network/pkg/ip/fragment.go:129.24,132.4 2 1
github.com/therealutkarshpriyadarshi/network/pkg/ip/fragment.go:135.3,152.20 2 1
github.com/therealutkarshpriyadarshi/network/pkg/ip/fragment.go:152.20,154.4 1 1
github.com/therealutkarshpriyadarshi/network/pkg/ip/fragment.go:157.3,157.17 1 1
github.com/therealutkarshpriyadarshi/network/pkg/ip/fragment.go:157.17,160.4 2 1
github.com/therealutkarshpriyadarshi/network/pkg/ip/fragment.go:162.3,163.15 2 1
github.com/therealutkarshpriyadarshi/network/pkg/ip/fragment.go:166.2,166.23 1 1
github.com/therealutkarshpriyadarshi/network/pkg/ip/fragment.go:171.63,173.23 1 1
github.com/therealutkarshpriyadarshi/network/pkg/ip/fragment.go:173.23,175.3 1 1
github.com/therealutkarshpriyadarshi/network/pkg/ip/fragment.go:177.2,189.13 5 1
github.com/therealutkarshpriyadarshi/network/pkg/ip/fragment.go:189.13,195.3 2 1
github.com/therealutkarshpriyadarshi/network/pkg/ip/fragment.go:198.2,207.42 4 1
github.com/therealutkarshpriyadarshi/network/pkg/ip/fragment.go:207.42,210.3 1 1
github.com/therealutkarshpriyadarshi/network/pkg/ip/fragment.go:213.2,214.39 2 1
github.com/therealutkarshpriyadarshi/network/pkg/ip/fragment.go:214.39,216.3 1 1
github.com/therealutkarshpriyadarshi/network/pkg/ip/fragment.go:217.2,220.72 2 1
github.com/therealutkarshpriyadarshi/network/pkg/ip/fragment.go:220.72,239.45 2 1
github.com/therealutkarshpriyadarshi/network/pkg/ip/fragment.go:239.45,241.4 1 1
github.com/therealutkarshpriyadarshi/network/pkg/ip/fragment.go:244.3,244.49 1 1
github.com/therealutkarshpriyadarshi/network/pkg/ip/fragment.go:244.49,246.4 1 0
github.com/therealutkarshpriyadarshi/network/pkg/ip/fragment.go:249.3,251.26 2 1
github.com/therealutkarshpriyadarshi/network/pkg/ip/fragment.go:255.2,255.17 1 1
github.com/therealutkarshpriyadarshi/network/pkg/ip/fragment.go:259.83,263.44 2 1
github.com/therealutkarshpriyadarshi/network/pkg/ip/fragment.go:263.44,264.34 1 1
github.com/therealutkarshpriyadarshi/network/pkg/ip/fragment.go:264.34,265.37 1 1
github.com/therealutkarshpriyadarshi/network/pkg/ip/fragment.go:265.37,267.5 1 1
github.com/therealutkarshpriyadarshi/network/pkg/ip/fragment.go:272.2,272.37 1 1
github.com/therealutkarshpriyadarshi/network/pkg/ip/fragment.go:272.37,273.19 1 1
github.com/therealutkarshpriyadarshi/network/pkg/ip/fragment.go:273.19,275.4 1 0
github.com/therealutkarshpriyadarshi/network/pkg/ip/fragment.go:278.2,278.13 1 1
github.com/therealutkarshpriyadarshi/network/pkg/ip/packet.go:65.42,66.33 1 1
github.com/therealutkarshpriyadarshi/network/pkg/ip/packet.go:66.33,68.3 1 1
github.com/therealutkarshpriyadarshi/network/pkg/ip/packet.go:70.2,77.32 5 1
github.com/therealutkarshpriyadarshi/network/pkg/ip/packet.go:77.32,79.3 1 1
github.com/therealutkarshpriyadarshi/network/pkg/ip/packet.go:81.2,81.17 1 1
github.com/therealutkarshpriyadarshi/network/pkg/ip/packet.go:81.17,83.3 1 1
github.com/therealutkarshpriyadarshi/network/pkg/ip/packet.go:85.2,86.30 2 1
github.com/therealutkarshpriyadarshi/network/pkg/ip/packet.go:86.30,88.3 1 0
github.com/therealutkarshpriyadarshi/network/pkg/ip/packet.go:91.2,97.38 5 1
github.com/therealutkarshpriyadarshi/network/pkg/ip/packet.go:97.38,99.3 1 0
github.com/therealutkarshpriyadarshi/network/pkg/ip/packet.go:102.2,123.17 10 1
github.com/therealutkarshpriyadarshi/network/pkg/ip/packet.go:123.17,127.3 3 1
github.com/therealutkarshpriyadarshi/network/pkg/ip/packet.go:130.2,132.17 2 1
github.com/therealutkarshpriyadarshi/network/pkg/ip/packet.go:136.46,139.24 2 1
github.com/therealutkarshpriyadarshi/network/pkg/ip/packet.go:139.24,142.27 2 1
github.com/therealutkarshpriyadarshi/network/pkg/ip/packet.go:142.27,144.4 1 0
github.com/therealutkarshpriyadarshi/network/pkg/ip/packet.go:145.3,145.32 1 1
github.com/therealutkarshpriyadarshi/network/pkg/ip/packet.go:148.2,148.36 1 1
github.com/therealutkarshpriyadarshi/network/pkg/ip/packet.go:148.36,150.3 1 0
github.com/therealutkarshpriyadarshi/network/pkg/ip/packet.go:153.2,157.33 3 1
github.com/therealutkarshpriyadarshi/network/pkg/ip/packet.go:157.33,159.3 1 0
github.com/therealutkarshpriyadarshi/network/pkg/ip/packet.go:160.2,196.24 15 1
github.com/therealutkarshpriyadarshi/network/pkg/ip/packet.go:196.24,199.55 2 1
github.com/therealutkarshpriyadarshi/network/pkg/ip/packet.go:199.55,201.4 1 0
github.com/therealutkarshpriyadarshi/network/pkg/ip/packet.go:205.2,211.17 4 1
github.com/therealutkarshpriyadarshi/network/pkg/ip/packet.go:215.40,231.24 14 1
github.com/therealutkarshpriyadarshi/network/pkg/ip/packet.go:231.24,233.3 1 0
github.com/therealutkarshpriyadarshi/network/pkg/ip/packet.go:236.2,236.43 1 1
github.com/therealutkarshpriyadarshi/network/pkg/ip/packet.go:240.38,241.16 1 1
github.com/therealutkarshpriyadarshi/network/pkg/ip/packet.go:241.16,243.3 1 1
github.com/therealutkarshpriyadarshi/network/pkg/ip/packet.go:244.2,245.18 2 1
github.com/therealutkarshpriyadarshi/network/pkg/ip/packet.go:249.36,251.2 1 1
github.com/therealutkarshpriyadarshi/network/pkg/ip/packet.go:254.34,257.2 1 0
github.com/therealutkarshpriyadarshi/network/pkg/ip/packet.go:260.95,278.2 1 1
github.com/therealutkarshpriyadarshi/network/pkg/ip/routing.go:30.38,35.2 1 1
github.com/therealutkarshpriyadarshi/network/pkg/ip/routing.go:38.54,39.18 1 1
github.com/therealutkarshpriyadarshi/network/pkg/ip/routing.go:39.18,41.3 1 0
github.com/therealutkarshpriyadarshi/network/pkg/ip/routing.go:43.2,48.53 3 1
github.com/therealutkarshpriyadarshi/network/pkg/ip/routing.go:48.53,50.3 1 1
github.com/therealutkarshpriyadarshi/network/pkg/ip/routing.go:52.2,53.12 2 1
github.com/therealutkarshpriyadarshi/network/pkg/ip/routing.go:57.83,61.34 3 1
github.com/therealutkarshpriyadarshi/network/pkg/ip/routing.go:61.34,62.67 1 1
github.com/therealutkarshpriyadarshi/network/pkg/ip/routing.go:62.67,67.34 2 1
github.com/therealutkarshpriyadarshi/network/pkg/ip/routing.go:67.34,69.5 1 0
github.com/therealutkarshpriyadarshi/network/pkg/ip/routing.go:71.4,71.15 1 1
github.com/therealutkarshpriyadarshi/network/pkg/ip/routing.go:75.2,75.14 1 1
github.com/therealutkarshpriyadarshi/network/pkg/ip/routing.go:80.92,88.34 5 1
github.com/therealutkarshpriyadarshi/network/pkg/ip/routing.go:88.34,89.56 1 1
github.com/therealutkarshpriyadarshi/network/pkg/ip/routing.go:89.56,91.33 2 1
github.com/therealutkarshpriyadarshi/network/pkg/ip/routing.go:91.33,94.5 2 1
github.com/therealutkarshpriyadarshi/network/pkg/ip/routing.go:98.2,98.22 1 1
github.com/therealutkarshpriyadarshi/network/pkg/ip/routing.go:98.22,100.3 1 0
github.com/therealutkarshpriyadarshi/network/pkg/ip/routing.go:103.2,104.59 2 1
github.com/therealutkarshpriyadarshi/network/pkg/ip/routing.go:104.59,107.3 1 1
github.com/therealutkarshpriyadarshi/network/pkg/ip/routing.go:109.2,109.32 1 1
github.com/therealutkarshpriyadarshi/network/pkg/ip/routing.go:113.79,114.25 1 1
github.com/therealutkarshpriyadarshi/network/pkg/ip/routing.go:114.25,115.56 1 1
github.com/therealutkarshpriyadarshi/network/pkg/ip/routing.go:115.56,117.4 1 1
github.com/therealutkarshpriyadarshi/network/pkg/ip/routing.go:119.2,119.13 1 1
github.com/therealutkarshpriyadarshi/network/pkg/ip/routing.go:123.67,125.25 2 1
github.com/therealutkarshpriyadarshi/network/pkg/ip/routing.go:125.25,127.14 2 1
github.com/therealutkarshpriyadarshi/network/pkg/ip/routing.go:127.14,130.4 2 1
github.com/therealutkarshpriyadarshi/network/pkg/ip/routing.go:132.2,132.14 1 1
github.com/therealutkarshpriyadarshi/network/pkg/ip/routing.go:136.91,145.2 2 1
github.com/therealutkarshpriyadarshi/network/pkg/ip/routing.go:148.52,152.2 3 1
github.com/therealutkarshpriyadarshi/network/pkg/ip/routing.go:155.80,159.2 3 1
github.com/therealutkarshpriyadarshi/network/pkg/ip/routing.go:162.84,167.2 4 1
github.com/therealutkarshpriyadarshi/network/pkg/ip/routing.go:170.68,174.45 3 1
github.com/therealutkarshpriyadarshi/network/pkg/ip/routing.go:174.45,175.20 1 1
github.com/therealutkarshpriyadarshi/network/pkg/ip/routing.go:175.20,177.4 1 1
github.com/therealutkarshpriyadarshi/network/pkg/ip/routing.go:179.2,179.14 1 1
github.com/therealutkarshpriyadarshi/network/pkg/ip/routing.go:183.46,190.2 5 1
github.com/therealutkarshpriyadarshi/network/pkg/ip/routing.go:193.41,201.34 6 0
github.com/therealutkarshpriyadarshi/network/pkg/ip/routing.go:201.34,203.56 2 0
github.com/therealutkarshpriyadarshi/network/pkg/ip/routing.go:203.56,205.4 1 0
github.com/therealutkarshpriyadarshi/network/pkg/ip/routing.go:207.3,208.77 1 0
github.com/therealutkarshpriyadarshi/network/pkg/ip/routing.go:211.2,211.10 1 0
github.com/therealutkarshpriyadarshi/network/pkg/ip/routing.go:215.50,220.16 2 0
github.com/therealutkarshpriyadarshi/network/pkg/ip/routing.go:220.16,222.3 1 0
github.com/therealutkarshpriyadarshi/network/pkg/ip/routing.go:224.2,224.31 1 0
github.com/therealutkarshpriyadarshi/network/pkg/ip/routing.go:224.31,226.17 2 0
github.com/therealutkarshpriyadarshi/network/pkg/ip/routing.go:226.17,227.12 1 0
github.com/therealutkarshpriyadarshi/network/pkg/ip/routing.go:230.3,230.30 1 0
github.com/therealutkarshpriyadarshi/network/pkg/ip/routing.go:230.30,232.11 2 0
github.com/therealutkarshpriyadarshi/network/pkg/ip/routing.go:232.11,233.13 1 0
github.com/therealutkarshpriyadarshi/network/pkg/ip/routing.go:236.4,237.19 2 0
github.com/therealutkarshpriyadarshi/network/pkg/ip/routing.go:237.19,238.13 1 0
github.com/therealutkarshpriyadarshi/network/pkg/ip/routing.go:242.4,252.27 7 0
github.com/therealutkarshpriyadarshi/network/pkg/ip/routing.go:252.27,254.5 1 0
github.com/therealutkarshpriyadarshi/network/pkg/ip/routing.go:256.4,263.22 2 0
github.com/therealutkarshpriyadarshi/network/pkg/ip/routing.go:267.2,267.12 1 0
github.com/therealutkarshpriyadarshi/network/pkg/ip/routing_optimized.go:29.56,36.2 1 0
github.com/therealutkarshpriyadarshi/network/pkg/ip/routing_optimized.go:39.63,40.18 1 0
github.com/therealutkarshpriyadarshi/network/pkg/ip/routing_optimized.go:40.18,42.3 1 0
github.com/therealutkarshpriyadarshi/network/pkg/ip/routing_optimized.go:44.2,49.53 3 0
github.com/therealutkarshpriyadarshi/network/pkg/ip/routing_optimized.go:49.53,51.3 1 0
github.com/therealutkarshpriyadarshi/network/pkg/ip/routing_optimized.go:53.2,56.12 3 0
github.com/therealutkarshpriyadarshi/network/pkg/ip/routing_optimized.go:60.92,64.34 3 0
github.com/therealutkarshpriyadarshi/network/pkg/ip/routing_optimized.go:64.34,65.67 1 0
github.com/therealutkarshpriyadarshi/network/pkg/ip/routing_optimized.go:65.67,68.34 2 0
github.com/therealutkarshpriyadarshi/network/pkg/ip/routing_optimized.go:68.34,70.5 1 0
github.com/therealutkarshpriyadarshi/network/pkg/ip/routing_optimized.go:72.4,73.15 2 0
github.com/therealutkarshpriyadarshi/network/pkg/ip/routing_optimized.go:77.2,77.14 1 0
github.com/therealutkarshpriyadarshi/network/pkg/ip/routing_optimized.go:81.101,85.14 2 0
github.com/therealutkarshpriyadarshi/network/pkg/ip/routing_optimized.go:85.14,88.15 3 0
github.com/therealutkarshpriyadarshi/network/pkg/ip/routing_optimized.go:88.15,91.4 2 0
github.com/therealutkarshpriyadarshi/network/pkg/ip/routing_optimized.go:92.3,93.16 2 0
github.com/therealutkarshpriyadarshi/network/pkg/ip/routing_optimized.go:96.2,101.40 3 0
github.com/therealutkarshpriyadarshi/network/pkg/ip/routing_optimized.go:101.40,103.51 1 0
github.com/therealutkarshpriyadarshi/network/pkg/ip/routing_optimized.go:103.51,106.51 2 0
github.com/therealutkarshpriyadarshi/network/pkg/ip/routing_optimized.go:106.51,109.5 1 0
github.com/therealutkarshpriyadarshi/network/pkg/ip/routing_optimized.go:110.4,110.36 1 0
github.com/therealutkarshpriyadarshi/network/pkg/ip/routing_optimized.go:114.2,114.75 1 0
github.com/therealutkarshpriyadarshi/network/pkg/ip/routing_optimized.go:118.56,121.34 2 0
github.com/therealutkarshpriyadarshi/network/pkg/ip/routing_optimized.go:121.34,129.3 2 0
github.com/therealutkarshpriyadarshi/network/pkg/ip/routing_optimized.go:132.2,132.50 1 0
github.com/therealutkarshpriyadarshi/network/pkg/ip/routing_optimized.go:132.50,133.67 1 0
github.com/therealutkarshpriyadarshi/network/pkg/ip/routing_optimized.go:133.67,135.4 1 0
github.com/therealutkarshpriyadarshi/network/pkg/ip/routing_optimized.go:136.3,136.75 1 0
github.com/therealutkarshpriyadarshi/network/pkg/ip/routing_optimized.go:141.90,145.2 3 0
github.com/therealutkarshpriyadarshi/network/pkg/ip/routing_optimized.go:148.68,152.2 3 0
github.com/therealutkarshpriyadarshi/network/pkg/ip/routing_optimized.go:155.55,162.2 5 0
github.com/therealutkarshpriyadarshi/network/pkg/ip/routing_optimized.go:166.49,168.2 1 0
github.com/therealutkarshpriyadarshi/network/pkg/ip/routing_optimized.go:170.45,172.25 2 0
github.com/therealutkarshpriyadarshi/network/pkg/ip/routing_optimized.go:172.25,173.14 1 0
github.com/therealutkarshpriyadarshi/network/pkg/ip/routing_optimized.go:173.14,176.4 2 0
github.com/therealutkarshpriyadarshi/network/pkg/ip/routing_optimized.go:178.2,178.14 1 0
github.com/therealutkarshpriyadarshi/network/pkg/ip/routing_optimized.go:188.50,192.2 1 0
github.com/therealutkarshpriyadarshi/network/pkg/ip/routing_optimized.go:195.61,197.16 2 0
github.com/therealutkarshpriyadarshi/network/pkg/ip/routing_optimized.go:197.16,199.3 1 0
github.com/therealutkarshpriyadarshi/network/pkg/ip/routing_optimized.go:200.2,200.12 1 0
github.com/therealutkarshpriyadarshi/network/pkg/ip/routing_optimized.go:204.90,206.13 2 0
github.com/therealutkarshpriyadarshi/network/pkg/ip/routing_optimized.go:206.13,208.3 1 0
github.com/therealutkarshpriyadarshi/network/pkg/ip/routing_optimized.go:209.2,209.16 1 0
github.com/therealutkarshpriyadarshi/network/pkg/ip/routing_optimized.go:213.99,215.43 1 0
github.com/therealutkarshpriyadarshi/network/pkg/ip/routing_optimized.go:215.43,216.44 1 0
github.com/therealutkarshpriyadarshi/network/pkg/ip/routing_optimized.go:216.44,218.4 1 0
github.com/therealutkarshpriyadarshi/network/pkg/ip/routing_optimized.go:222.2,223.16 2 0
github.com/therealutkarshpriyadarshi/network/pkg/ip/routing_optimized.go:223.16,229.3 1 0
github.com/therealutkarshpriyadarshi/network/pkg/ip/routing_optimized.go:231.2,231.28 1 0
github.com/therealutkarshpriyadarshi/network/pkg/ip/routing_optimized.go:235.88,237.2 1 0
github.com/therealutkarshpriyadarshi/network/pkg/ip/routing_optimized.go:240.66,242.2 1 0
github.com/therealutkarshpriyadarshi/network/pkg/ip/routing_optimized.go:245.53,247.2 1 0
github.com/therealutkarshpriyadarshi/network/pkg/ip/routing_optimized.go:255.45,257.2 1 0
github.com/therealutkarshpriyadarshi/network/pkg/tcp/congestion.go:23.43,24.12 1 0
github.com/therealutkarshpriyadarshi/network/pkg/tcp/congestion.go:25.17,26.22 1 0
github.com/therealutkarshpriyadarshi/network/pkg/tcp/congestion.go:27.27,28.32 1 0
github.com/therealutkarshpriyadarshi/network/pkg/tcp/congestion.go:29.20,30.25 1 0
github.com/therealutkarshpriyadarshi/network/pkg/tcp/congestion.go:31.10,32.19 1 0
github.com/therealutkarshpriyadarshi/network/pkg/tcp/congestion.go:58.58,66.2 1 0
github.com/therealutkarshpriyadarshi/network/pkg/tcp/congestion.go:69.47,71.2 1 0
github.com/therealutkarshpriyadarshi/network/pkg/tcp/congestion.go:74.51,76.2 1 0
github.com/therealutkarshpriyadarshi/network/pkg/tcp/congestion.go:79.57,81.2 1 0
github.com/therealutkarshpriyadarshi/network/pkg/tcp/congestion.go:84.70,85.18 1 0
github.com/therealutkarshpriyadarshi/network/pkg/tcp/congestion.go:86.17,87.32 1 0
github.com/therealutkarshpriyadarshi/network/pkg/tcp/congestion.go:88.27,89.42 1 0
github.com/therealutkarshpriyadarshi/network/pkg/tcp/congestion.go:90.20,91.43 1 0
github.com/therealutkarshpriyadarshi/network/pkg/tcp/congestion.go:95.2,95.20 1 0
github.com/therealutkarshpriyadarshi/network/pkg/tcp/congestion.go:99.65,103.25 2 0
github.com/therealutkarshpriyadarshi/network/pkg/tcp/congestion.go:103.25,106.3 2 0
github.com/therealutkarshpriyadarshi/network/pkg/tcp/congestion.go:109.2,109.30 1 0
github.com/therealutkarshpriyadarshi/network/pkg/tcp/congestion.go:109.30,111.3 1 0
github.com/therealutkarshpriyadarshi/network/pkg/tcp/congestion.go:113.2,113.14 1 0
github.com/therealutkarshpriyadarshi/network/pkg/tcp/congestion.go:117.42,120.36 2 0
github.com/therealutkarshpriyadarshi/network/pkg/tcp/congestion.go:120.36,122.3 1 0
github.com/therealutkarshpriyadarshi/network/pkg/tcp/congestion.go:125.2,129.20 3 0
github.com/therealutkarshpriyadarshi/network/pkg/tcp/congestion.go:133.64,138.28 2 0
github.com/therealutkarshpriyadarshi/network/pkg/tcp/congestion.go:138.28,140.3 1 0
github.com/therealutkarshpriyadarshi/network/pkg/tcp/congestion.go:144.74,148.20 2 0
github.com/therealutkarshpriyadarshi/network/pkg/tcp/congestion.go:148.20,150.3 1 0
github.com/therealutkarshpriyadarshi/network/pkg/tcp/congestion.go:151.2,151.22 1 0
github.com/therealutkarshpriyadarshi/network/pkg/tcp/congestion.go:155.82,157.38 1 0
github.com/therealutkarshpriyadarshi/network/pkg/tcp/congestion.go:157.38,162.3 3 0
github.com/therealutkarshpriyadarshi/network/pkg/tcp/congestion.go:166.62,169.36 2 0
github.com/therealutkarshpriyadarshi/network/pkg/tcp/congestion.go:169.36,171.3 1 0
github.com/therealutkarshpriyadarshi/network/pkg/tcp/congestion.go:174.2,178.25 3 0
github.com/therealutkarshpriyadarshi/network/pkg/tcp/congestion.go:182.65,184.2 1 0
github.com/therealutkarshpriyadarshi/network/pkg/tcp/congestion.go:200.38,210.2 1 0
github.com/therealutkarshpriyadarshi/network/pkg/tcp/congestion.go:213.62,214.18 1 0
github.com/therealutkarshpriyadarshi/network/pkg/tcp/congestion.go:214.18,218.3 2 0
github.com/therealutkarshpriyadarshi/network/pkg/tcp/congestion.go:218.8,221.15 2 0
github.com/therealutkarshpriyadarshi/network/pkg/tcp/congestion.go:221.15,223.4 1 0
github.com/therealutkarshpriyadarshi/network/pkg/tcp/congestion.go:225.3,226.89 2 0
github.com/therealutkarshpriyadarshi/network/pkg/tcp/congestion.go:230.2,233.24 2 0
github.com/therealutkarshpriyadarshi/network/pkg/tcp/congestion.go:233.24,235.3 1 0
github.com/therealutkarshpriyadarshi/network/pkg/tcp/congestion.go:236.2,236.24 1 0
github.com/therealutkarshpriyadarshi/network/pkg/tcp/congestion.go:236.24,238.3 1 0
github.com/therealutkarshpriyadarshi/network/pkg/tcp/congestion.go:242.48,244.2 1 0
github.com/therealutkarshpriyadarshi/network/pkg/tcp/congestion.go:247.38,249.24 2 0
github.com/therealutkarshpriyadarshi/network/pkg/tcp/congestion.go:249.24,251.3 1 0
github.com/therealutkarshpriyadarshi/network/pkg/tcp/congestion.go:255.49,257.2 1 0
github.com/therealutkarshpriyadarshi/network/pkg/tcp/connection.go:66.130,88.2 2 0
github.com/therealutkarshpriyadarshi/network/pkg/tcp/connection.go:91.39,95.2 3 0
github.com/therealutkarshpriyadarshi/network/pkg/tcp/connection.go:98.44,102.2 3 0
github.com/therealutkarshpriyadarshi/network/pkg/tcp/connection.go:105.41,109.39 3 0
github.com/therealutkarshpriyadarshi/network/pkg/tcp/connection.go:109.39,111.3 1 0
github.com/therealutkarshpriyadarshi/network/pkg/tcp/connection.go:114.2,124.16 7 0
github.com/therealutkarshpriyadarshi/network/pkg/tcp/connection.go:124.16,126.3 1 0
github.com/therealutkarshpriyadarshi/network/pkg/tcp/connection.go:127.2,130.60 2 0
github.com/therealutkarshpriyadarshi/network/pkg/tcp/connection.go:130.60,132.3 1 0
github.com/therealutkarshpriyadarshi/network/pkg/tcp/connection.go:135.2,135.29 1 0
github.com/therealutkarshpriyadarshi/network/pkg/tcp/connection.go:135.29,136.47 1 0
github.com/therealutkarshpriyadarshi/network/pkg/tcp/connection.go:136.47,138.4 1 0
github.com/therealutkarshpriyadarshi/network/pkg/tcp/connection.go:142.2,145.12 3 0
github.com/therealutkarshpriyadarshi/network/pkg/tcp/connection.go:149.42,153.39 3 0
github.com/therealutkarshpriyadarshi/network/pkg/tcp/connection.go:153.39,155.3 1 0
github.com/therealutkarshpriyadarshi/network/pkg/tcp/connection.go:158.2,158.45 1 0
github.com/therealutkarshpriyadarshi/network/pkg/tcp/connection.go:162.56,169.52 4 0
github.com/therealutkarshpriyadarshi/network/pkg/tcp/connection.go:169.52,171.3 1 0
github.com/therealutkarshpriyadarshi/network/pkg/tcp/connection.go:174.2,174.15 1 0
github.com/therealutkarshpriyadarshi/network/pkg/tcp/connection.go:175.19,176.36 1 0
github.com/therealutkarshpriyadarshi/network/pkg/tcp/connection.go:177.20,178.37 1 0
github.com/therealutkarshpriyadarshi/network/pkg/tcp/connection.go:179.24,180.41 1 0
github.com/therealutkarshpriyadarshi/network/pkg/tcp/connection.go:181.24,182.41 1 0
github.com/therealutkarshpriyadarshi/network/pkg/tcp/connection.go:183.21,184.38 1 0
github.com/therealutkarshpriyadarshi/network/pkg/tcp/connection.go:185.21,186.38 1 0
github.com/therealutkarshpriyadarshi/network/pkg/tcp/connection.go:187.22,188.39 1 0
github.com/therealutkarshpriyadarshi/network/pkg/tcp/connection.go:189.20,190.37 1 0
github.com/therealutkarshpriyadarshi/network/pkg/tcp/connection.go:191.20,192.37 1 0
github.com/therealutkarshpriyadarshi/network/pkg/tcp/connection.go:193.21,194.38 1 0
github.com/therealutkarshpriyadarshi/network/pkg/tcp/connection.go:195.10,196.48 1 0
github.com/therealutkarshpriyadarshi/network/pkg/tcp/connection.go:201.62,202.51 1 0
github.com/therealutkarshpriyadarshi/network/pkg/tcp/connection.go:202.51,213.43 6 0
github.com/therealutkarshpriyadarshi/network/pkg/tcp/connection.go:213.43,215.4 1 0
github.com/therealutkarshpriyadarshi/network/pkg/tcp/connection.go:218.3,222.17 4 0
github.com/therealutkarshpriyadarshi/network/pkg/tcp/connection.go:222.17,224.4 1 0
github.com/therealutkarshpriyadarshi/network/pkg/tcp/connection.go:225.3,227.61 2 0
github.com/therealutkarshpriyadarshi/network/pkg/tcp/connection.go:227.61,229.4 1 0
github.com/therealutkarshpriyadarshi/network/pkg/tcp/connection.go:231.3,231.30 1 0
github.com/therealutkarshpriyadarshi/network/pkg/tcp/connection.go:231.30,232.50 1 0
github.com/therealutkarshpriyadarshi/network/pkg/tcp/connection.go:232.50,234.5 1 0
github.com/therealutkarshpriyadarshi/network/pkg/tcp/connection.go:237.3,240.13 3 0
github.com/therealutkarshpriyadarshi/network/pkg/tcp/connection.go:243.2,243.51 1 0
github.com/therealutkarshpriyadarshi/network/pkg/tcp/connection.go:247.63,248.50 1 0
github.com/therealutkarshpriyadarshi/network/pkg/tcp/connection.go:248.50,250.32 1 0
github.com/therealutkarshpriyadarshi/network/pkg/tcp/connection.go:250.32,252.4 1 0
github.com/therealutkarshpriyadarshi/network/pkg/tcp/connection.go:254.3,259.43 4 0
github.com/therealutkarshpriyadarshi/network/pkg/tcp/connection.go:259.43,260.19 1 0
github.com/therealutkarshpriyadarshi/network/pkg/tcp/connection.go:260.19,262.5 1 0
github.com/therealutkarshpriyadarshi/network/pkg/tcp/connection.go:266.3,274.17 5 0
github.com/therealutkarshpriyadarshi/network/pkg/tcp/connection.go:274.17,276.4 1 0
github.com/therealutkarshpriyadarshi/network/pkg/tcp/connection.go:277.3,279.64 2 0
github.com/therealutkarshpriyadarshi/network/pkg/tcp/connection.go:279.64,281.4 1 0
github.com/therealutkarshpriyadarshi/network/pkg/tcp/connection.go:283.3,283.30 1 0
github.com/therealutkarshpriyadarshi/network/pkg/tcp/connection.go:283.30,284.48 1 0
github.com/therealutkarshpriyadarshi/network/pkg/tcp/connection.go:284.48,286.5 1 0
github.com/therealutkarshpriyadarshi/network/pkg/tcp/connection.go:289.3,289.13 1 0
github.com/therealutkarshpriyadarshi/network/pkg/tcp/connection.go:292.2,292.57 1 0
github.com/therealutkarshpriyadarshi/network/pkg/tcp/connection.go:296.67,297.26 1 0
github.com/therealutkarshpriyadarshi/network/pkg/tcp/connection.go:297.26,298.32 1 0
github.com/therealutkarshpriyadarshi/network/pkg/tcp/connection.go:298.32,300.4 1 0
github.com/therealutkarshpriyadarshi/network/pkg/tcp/connection.go:302.3,309.45 4 0
github.com/therealutkarshpriyadarshi/network/pkg/tcp/connection.go:312.2,312.57 1 0
github.com/therealutkarshpriyadarshi/network/pkg/tcp/connection.go:316.67,318.26 1 0
github.com/therealutkarshpriyadarshi/network/pkg/tcp/connection.go:318.26,320.3 1 0
github.com/therealutkarshpriyadarshi/network/pkg/tcp/connection.go:323.2,323.23 1 0
github.com/therealutkarshpriyadarshi/network/pkg/tcp/connection.go:323.23,325.3 1 0
github.com/therealutkarshpriyadarshi/network/pkg/tcp/connection.go:328.2,328.26 1 0
github.com/therealutkarshpriyadarshi/network/pkg/tcp/connection.go:328.26,336.30 5 0
github.com/therealutkarshpriyadarshi/network/pkg/tcp/connection.go:336.30,338.4 1 0
github.com/therealutkarshpriyadarshi/network/pkg/tcp/connection.go:340.3,340.45 1 0
github.com/therealutkarshpriyadarshi/network/pkg/tcp/connection.go:343.2,343.12 1 0
github.com/therealutkarshpriyadarshi/network/pkg/tcp/connection.go:347.64,349.26 1 0
github.com/therealutkarshpriyadarshi/network/pkg/tcp/connection.go:349.26,353.31 2 0
github.com/therealutkarshpriyadarshi/network/pkg/tcp/connection.go:353.31,356.4 2 0
github.com/therealutkarshpriyadarshi/network/pkg/tcp/connection.go:360.2,360.26 1 0
github.com/therealutkarshpriyadarshi/network/pkg/tcp/connection.go:360.26,368.30 5 0
github.com/therealutkarshpriyadarshi/network/pkg/tcp/connection.go:368.30,370.4 1 0
github.com/therealutkarshpriyadarshi/network/pkg/tcp/connection.go:372.3,372.27 1 0
github.com/therealutkarshpriyadarshi/network/pkg/tcp/connection.go:372.27,374.4 1 0
github.com/therealutkarshpriyadarshi/network/pkg/tcp/connection.go:375.3,375.45 1 0
github.com/therealutkarshpriyadarshi/network/pkg/tcp/connection.go:378.2,378.51 1 0
github.com/therealutkarshpriyadarshi/network/pkg/tcp/connection.go:378.51,380.3 1 0
github.com/therealutkarshpriyadarshi/network/pkg/tcp/connection.go:382.2,382.12 1 0
github.com/therealutkarshpriyadarshi/network/pkg/tcp/connection.go:386.64,387.26 1 0
github.com/therealutkarshpriyadarshi/network/pkg/tcp/connection.go:387.26,395.30 5 0
github.com/therealutkarshpriyadarshi/network/pkg/tcp/connection.go:395.30,397.4 1 0
github.com/therealutkarshpriyadarshi/network/pkg/tcp/connection.go:400.3,402.45 2 0
github.com/therealutkarshpriyadarshi/network/pkg/tcp/connection.go:405.2,405.12 1 0
github.com/therealutkarshpriyadarshi/network/pkg/tcp/connection.go:409.65,411.26 1 0
github.com/therealutkarshpriyadarshi/network/pkg/tcp/connection.go:411.26,413.3 1 0
github.com/therealutkarshpriyadarshi/network/pkg/tcp/connection.go:414.2,414.12 1 0
github.com/therealutkarshpriyadarshi/network/pkg/tcp/connection.go:418.63,419.26 1 0
github.com/therealutkarshpriyadarshi/network/pkg/tcp/connection.go:419.26,426.3 3 0
github.com/therealutkarshpriyadarshi/network/pkg/tcp/connection.go:427.2,427.12 1 0
github.com/therealutkarshpriyadarshi/network/pkg/tcp/connection.go:431.63,432.26 1 0
github.com/therealutkarshpriyadarshi/network/pkg/tcp/connection.go:432.26,435.61 2 0
github.com/therealutkarshpriyadarshi/network/pkg/tcp/connection.go:435.61,437.4 1 0
github.com/therealutkarshpriyadarshi/network/pkg/tcp/connection.go:440.3,440.23 1 0
github.com/therealutkarshpriyadarshi/network/pkg/tcp/connection.go:440.23,442.4 1 0
github.com/therealutkarshpriyadarshi/network/pkg/tcp/connection.go:444.3,444.13 1 0
github.com/therealutkarshpriyadarshi/network/pkg/tcp/connection.go:446.2,446.12 1 0
github.com/therealutkarshpriyadarshi/network/pkg/tcp/connection.go:450.64,452.26 1 0
github.com/therealutkarshpriyadarshi/network/pkg/tcp/connection.go:452.26,457.30 4 0
github.com/therealutkarshpriyadarshi/network/pkg/tcp/connection.go:457.30,459.4 1 0
github.com/therealutkarshpriyadarshi/network/pkg/tcp/connection.go:461.3,461.25 1 0
github.com/therealutkarshpriyadarshi/network/pkg/tcp/connection.go:464.2,464.12 1 0
github.com/therealutkarshpriyadarshi/network/pkg/tcp/connection.go:468.47,473.30 2 0
github.com/therealutkarshpriyadarshi/network/pkg/tcp/connection.go:473.30,486.3 5 0
github.com/therealutkarshpriyadarshi/network/pkg/tcp/connection.go:486.8,486.60 1 0
github.com/therealutkarshpriyadarshi/network/pkg/tcp/connection.go:486.60,491.23 2 0
github.com/therealutkarshpriyadarshi/network/pkg/tcp/connection.go:491.23,493.4 1 0
github.com/therealutkarshpriyadarshi/network/pkg/tcp/connection.go:498.48,499.36 1 0
github.com/therealutkarshpriyadarshi/network/pkg/tcp/connection.go:499.36,505.27 3 0
github.com/therealutkarshpriyadarshi/network/pkg/tcp/connection.go:505.27,507.4 1 0
github.com/therealutkarshpriyadarshi/network/pkg/tcp/connection.go:510.3,514.30 4 0
github.com/therealutkarshpriyadarshi/network/pkg/tcp/connection.go:514.30,516.4 1 0
github.com/therealutkarshpriyadarshi/network/pkg/tcp/connection.go:517.9,520.3 0 0
github.com/therealutkarshpriyadarshi/network/pkg/tcp/connection.go:524.46,528.39 3 0
github.com/therealutkarshpriyadarshi/network/pkg/tcp/connection.go:528.39,530.3 1 0
github.com/therealutkarshpriyadarshi/network/pkg/tcp/connection.go:533.2,536.21 2 0
github.com/therealutkarshpriyadarshi/network/pkg/tcp/connection.go:540.39,541.6 1 0
github.com/therealutkarshpriyadarshi/network/pkg/tcp/connection.go:541.6,544.27 2 0
github.com/therealutkarshpriyadarshi/network/pkg/tcp/connection.go:544.27,545.9 1 0
github.com/therealutkarshpriyadarshi/network/pkg/tcp/connection.go:549.3,549.44 1 0
github.com/therealutkarshpriyadarshi/network/pkg/tcp/connection.go:549.44,550.9 1 0
github.com/therealutkarshpriyadarshi/network/pkg/tcp/connection.go:554.3,555.21 2 0
github.com/therealutkarshpriyadarshi/network/pkg/tcp/connection.go:555.21,556.9 1 0
github.com/therealutkarshpriyadarshi/network/pkg/tcp/connection.go:560.3,562.17 3 0
github.com/therealutkarshpriyadarshi/network/pkg/tcp/connection.go:562.17,564.4 1 0
github.com/therealutkarshpriyadarshi/network/pkg/tcp/connection.go:565.3,568.30 2 0
github.com/therealutkarshpriyadarshi/network/pkg/tcp/connection.go:568.30,569.48 1 0
github.com/therealutkarshpriyadarshi/network/pkg/tcp/connection.go:569.48,571.5 1 0
github.com/therealutkarshpriyadarshi/network/pkg/tcp/connection.go:575.3,578.32 2 0
github.com/therealutkarshpriyadarshi/network/pkg/tcp/connection.go:581.2,581.12 1 0
github.com/therealutkarshpriyadarshi/network/pkg/tcp/connection.go:585.36,590.26 4 0
github.com/therealutkarshpriyadarshi/network/pkg/tcp/connection.go:590.26,592.3 1 0
github.com/therealutkarshpriyadarshi/network/pkg/tcp/connection.go:595.2,597.16 3 0
github.com/therealutkarshpriyadarshi/network/pkg/tcp/connection.go:597.16,599.3 1 0
github.com/therealutkarshpriyadarshi/network/pkg/tcp/connection.go:600.2,602.29 2 0
github.com/therealutkarshpriyadarshi/network/pkg/tcp/connection.go:602.29,603.47 1 0
github.com/therealutkarshpriyadarshi/network/pkg/tcp/connection.go:603.47,605.4 1 0
github.com/therealutkarshpriyadarshi/network/pkg/tcp/connection.go:609.2,613.39 3 0
github.com/therealutkarshpriyadarshi/network/pkg/tcp/connection.go:617.43,621.2 3 0
github.com/therealutkarshpriyadarshi/network/pkg/tcp/connection.go:624.43,625.28 1 0
github.com/therealutkarshpriyadarshi/network/pkg/tcp/connection.go:625.28,627.3 1 0
github.com/therealutkarshpriyadarshi/network/pkg/tcp/connection.go:629.2,629.57 1 0
github.com/therealutkarshpriyadarshi/network/pkg/tcp/connection.go:629.57,635.23 4 0
github.com/therealutkarshpriyadarshi/network/pkg/tcp/connection.go:635.23,637.4 1 0
github.com/therealutkarshpriyadarshi/network/pkg/tcp/connection.go:642.64,643.25 1 0
github.com/therealutkarshpriyadarshi/network/pkg/tcp/connection.go:643.25,646.3 1 0
github.com/therealutkarshpriyadarshi/network/pkg/tcp/connection.go:646.8,649.3 1 0
github.com/therealutkarshpriyadarshi/network/pkg/tcp/connection.go:653.39,655.53 1 0
github.com/therealutkarshpriyadarshi/network/pkg/tcp/connection.go:655.53,656.30 1 0
github.com/therealutkarshpriyadarshi/network/pkg/tcp/connection.go:656.30,658.4 1 0
github.com/therealutkarshpriyadarshi/network/pkg/tcp/connection.go:662.2,663.34 2 0
github.com/therealutkarshpriyadarshi/network/pkg/tcp/connection.go:663.34,665.3 1 0
github.com/therealutkarshpriyadarshi/network/pkg/tcp/connection.go:666.2,666.21 1 0
github.com/therealutkarshpriyadarshi/network/pkg/tcp/fastopen.go:33.39,36.47 2 0
github.com/therealutkarshpriyadarshi/network/pkg/tcp/fastopen.go:36.47,38.3 1 0
github.com/therealutkarshpriyadarshi/network/pkg/tcp/fastopen.go:40.2,41.16 2 0
github.com/therealutkarshpriyadarshi/network/pkg/tcp/fastopen.go:41.16,43.3 1 0
github.com/therealutkarshpriyadarshi/network/pkg/tcp/fastopen.go:45.2,48.8 1 0
github.com/therealutkarshpriyadarshi/network/pkg/tcp/fastopen.go:52.73,63.2 5 0
github.com/therealutkarshpriyadarshi/network/pkg/tcp/fastopen.go:66.77,68.16 2 0
github.com/therealutkarshpriyadarshi/network/pkg/tcp/fastopen.go:68.16,70.3 1 0
github.com/therealutkarshpriyadarshi/network/pkg/tcp/fastopen.go:73.2,73.59 1 0
github.com/therealutkarshpriyadarshi/network/pkg/tcp/fastopen.go:77.51,78.22 1 0
github.com/therealutkarshpriyadarshi/network/pkg/tcp/fastopen.go:78.22,80.3 1 0
github.com/therealutkarshpriyadarshi/network/pkg/tcp/fastopen.go:82.2,83.30 2 0
github.com/therealutkarshpriyadarshi/network/pkg/tcp/fastopen.go:83.30,85.3 1 0
github.com/therealutkarshpriyadarshi/network/pkg/tcp/fastopen.go:87.2,87.15 1 0
github.com/therealutkarshpriyadarshi/network/pkg/tcp/fastopen.go:91.69,93.2 1 0
github.com/therealutkarshpriyadarshi/network/pkg/tcp/fastopen.go:96.73,99.2 2 0
github.com/therealutkarshpriyadarshi/network/pkg/tcp/fastopen.go:104.43,105.22 1 0
github.com/therealutkarshpriyadarshi/network/pkg/tcp/fastopen.go:105.22,108.3 1 0
github.com/therealutkarshpriyadarshi/network/pkg/tcp/fastopen.go:110.2,110.32 1 0
github.com/therealutkarshpriyadarshi/network/pkg/tcp/fastopen.go:110.32,112.3 1 0
github.com/therealutkarshpriyadarshi/network/pkg/tcp/fastopen.go:114.2,120.12 6 0
github.com/therealutkarshpriyadarshi/network/pkg/tcp/fastopen.go:124.50,126.16 2 0
github.com/therealutkarshpriyadarshi/network/pkg/tcp/fastopen.go:126.16,128.3 1 0
github.com/therealutkarshpriyadarshi/network/pkg/tcp/fastopen.go:130.2,130.44 1 0
github.com/therealutkarshpriyadarshi/network/pkg/tcp/fastopen.go:130.44,132.24 1 0
github.com/therealutkarshpriyadarshi/network/pkg/tcp/fastopen.go:132.24,134.4 1 0
github.com/therealutkarshpriyadarshi/network/pkg/tcp/fastopen.go:137.3,137.22 1 0
github.com/therealutkarshpriyadarshi/network/pkg/tcp/fastopen.go:140.2,140.48 1 0
github.com/therealutkarshpriyadarshi/network/pkg/tcp/fastopen.go:144.33,146.16 2 0
github.com/therealutkarshpriyadarshi/network/pkg/tcp/fastopen.go:146.16,148.3 1 0
github.com/therealutkarshpriyadarshi/network/pkg/tcp/fastopen.go:149.2,150.11 2 0
github.com/therealutkarshpriyadarshi/network/pkg/tcp/fastopen.go:161.55,165.2 1 0
github.com/therealutkarshpriyadarshi/network/pkg/tcp/fastopen.go:168.53,170.2 1 0
github.com/therealutkarshpriyadarshi/network/pkg/tcp/fastopen.go:173.48,175.2 1 0
github.com/therealutkarshpriyadarshi/network/pkg/tcp/fastopen.go:178.48,182.2 3 0
github.com/therealutkarshpriyadarshi/network/pkg/tcp/fastopen.go:185.42,187.2 1 0
github.com/therealutkarshpriyadarshi/network/pkg/tcp/packet.go:65.43,66.33 1 1
github.com/therealutkarshpriyadarshi/network/pkg/tcp/packet.go:66.33,68.3 1 0
github.com/therealutkarshpriyadarshi/network/pkg/tcp/packet.go:70.2,83.24 5 1
github.com/therealutkarshpriyadarshi/network/pkg/tcp/packet.go:83.24,85.3 1 0
github.com/therealutkarshpriyadarshi/network/pkg/tcp/packet.go:87.2,88.36 2 1
github.com/therealutkarshpriyadarshi/network/pkg/tcp/packet.go:88.36,90.3 1 0
github.com/therealutkarshpriyadarshi/network/pkg/tcp/packet.go:92.2,92.30 1 1
github.com/therealutkarshpriyadarshi/network/pkg/tcp/packet.go:92.30,94.3 1 0
github.com/therealutkarshpriyadarshi/network/pkg/tcp/packet.go:97.2,102.36 4 1
github.com/therealutkarshpriyadarshi/network/pkg/tcp/packet.go:102.36,105.3 2 1
github.com/therealutkarshpriyadarshi/network/pkg/tcp/packet.go:108.2,108.30 1 1
github.com/therealutkarshpriyadarshi/network/pkg/tcp/packet.go:108.30,111.3 2 1
github.com/therealutkarshpriyadarshi/network/pkg/tcp/packet.go:113.2,113.17 1 1
github.com/therealutkarshpriyadarshi/network/pkg/tcp/packet.go:118.47,123.24 2 1
github.com/therealutkarshpriyadarshi/network/pkg/tcp/packet.go:123.24,125.18 2 1
github.com/therealutkarshpriyadarshi/network/pkg/tcp/packet.go:125.18,128.4 2 0
github.com/therealutkarshpriyadarshi/network/pkg/tcp/packet.go:131.2,131.36 1 1
github.com/therealutkarshpriyadarshi/network/pkg/tcp/packet.go:131.36,133.3 1 0
github.com/therealutkarshpriyadarshi/network/pkg/tcp/packet.go:135.2,158.24 12 1
github.com/therealutkarshpriyadarshi/network/pkg/tcp/packet.go:158.24,160.3 1 1
github.com/therealutkarshpriyadarshi/network/pkg/tcp/packet.go:163.2,163.21 1 1
[...]
github.com/therealutkarshpriyadarshi/network/pkg/tcp/state.go:140.24,141.24 1 1
github.com/therealutkarshpriyadarshi/network/pkg/tcp/state.go:142.23,143.23 1 1
github.com/therealutkarshpriyadarshi/network/pkg/tcp/state.go:144.17,145.16 1 1
github.com/therealutkarshpriyadarshi/network/pkg/tcp/state.go:146.23,147.23 1 1
github.com/therealutkarshpriyadarshi/network/pkg/tcp/state.go:148.26,149.27 1 1
github.com/therealutkarshpriyadarshi/network/pkg/tcp/state.go:150.23,151.23 1 1
github.com/therealutkarshpriyadarshi/network/pkg/tcp/state.go:152.23,153.23 1 1
github.com/therealutkarshpriyadarshi/network/pkg/tcp/state.go:154.26,155.27 1 1
github.com/therealutkarshpriyadarshi/network/pkg/tcp/state.go:156.18,157.17 1 1
github.com/therealutkarshpriyadarshi/network/pkg/tcp/state.go:158.20,159.19 1 1
github.com/therealutkarshpriyadarshi/network/pkg/tcp/state.go:160.10,161.44 1 0
github.com/therealutkarshpriyadarshi/network/pkg/tcp/state.go:171.38,175.2 1 1
github.com/therealutkarshpriyadarshi/network/pkg/tcp/state.go:178.42,180.2 1 1
github.com/therealutkarshpriyadarshi/network/pkg/tcp/state.go:184.55,186.16 2 1
github.com/therealutkarshpriyadarshi/network/pkg/tcp/state.go:186.16,188.3 1 1
github.com/therealutkarshpriyadarshi/network/pkg/tcp/state.go:190.2,191.12 2 1
github.com/therealutkarshpriyadarshi/network/pkg/tcp/state.go:195.47,197.2 1 1
github.com/therealutkarshpriyadarshi/network/pkg/tcp/state.go:200.63,201.18 1 1
github.com/therealutkarshpriyadarshi/network/pkg/tcp/state.go:202.19,203.16 1 1
github.com/therealutkarshpriyadarshi/network/pkg/tcp/state.go:204.25,205.27 1 1
github.com/therealutkarshpriyadarshi/network/pkg/tcp/state.go:206.24,207.28 1 1
github.com/therealutkarshpriyadarshi/network/pkg/tcp/state.go:208.11,209.81 1 1
github.com/therealutkarshpriyadarshi/network/pkg/tcp/state.go:212.19,213.16 1 1
github.com/therealutkarshpriyadarshi/network/pkg/tcp/state.go:214.24,215.32 1 1
github.com/therealutkarshpriyadarshi/network/pkg/tcp/state.go:216.24,217.28 1 0
github.com/therealutkarshpriyadarshi/network/pkg/tcp/state.go:218.19,219.27 1 1
github.com/therealutkarshpriyadarshi/network/pkg/tcp/state.go:220.11,221.81 1 0
github.com/therealutkarshpriyadarshi/network/pkg/tcp/state.go:224.20,225.16 1 1
github.com/therealutkarshpriyadarshi/network/pkg/tcp/state.go:226.27,227.32 1 1
github.com/therealutkarshpriyadarshi/network/pkg/tcp/state.go:228.24,229.32 1 0
github.com/therealutkarshpriyadarshi/network/pkg/tcp/state.go:230.19,231.27 1 0
github.com/therealutkarshpriyadarshi/network/pkg/tcp/state.go:232.11,233.81 1 0
github.com/therealutkarshpriyadarshi/network/pkg/tcp/state.go:236.24,237.16 1 1
github.com/therealutkarshpriyadarshi/network/pkg/tcp/state.go:238.24,239.32 1 1
github.com/therealutkarshpriyadarshi/network/pkg/tcp/state.go:240.19,241.29 1 0
github.com/therealutkarshpriyadarshi/network/pkg/tcp/state.go:242.24,243.30 1 0
github.com/therealutkarshpriyadarshi/network/pkg/tcp/state.go:244.11,245.81 1 0
github.com/therealutkarshpriyadarshi/network/pkg/tcp/state.go:248.24,249.16 1 1
github.com/therealutkarshpriyadarshi/network/pkg/tcp/state.go:250.19,251.29 1 1
github.com/therealutkarshpriyadarshi/network/pkg/tcp/state.go:252.24,253.30 1 1
github.com/therealutkarshpriyadarshi/network/pkg/tcp/state.go:254.11,256.24 1 0
github.com/therealutkarshpriyadarshi/network/pkg/tcp/state.go:259.21,260.16 1 1
github.com/therealutkarshpriyadarshi/network/pkg/tcp/state.go:261.24,262.29 1 1
github.com/therealutkarshpriyadarshi/network/pkg/tcp/state.go:263.24,264.28 1 1
github.com/therealutkarshpriyadarshi/network/pkg/tcp/state.go:265.27,266.29 1 1
github.com/therealutkarshpriyadarshi/network/pkg/tcp/state.go:267.11,268.81 1 0
github.com/therealutkarshpriyadarshi/network/pkg/tcp/state.go:271.21,272.16 1 1
github.com/therealutkarshpriyadarshi/network/pkg/tcp/state.go:273.24,274.29 1 1
github.com/therealutkarshpriyadarshi/network/pkg/tcp/state.go:275.11,276.81 1 0
github.com/therealutkarshpriyadarshi/network/pkg/tcp/state.go:279.22,280.16 1 1
github.com/therealutkarshpriyadarshi/network/pkg/tcp/state.go:281.19,282.28 1 1
github.com/therealutkarshpriyadarshi/network/pkg/tcp/state.go:283.11,285.24 1 0
github.com/therealutkarshpriyadarshi/network/pkg/tcp/state.go:288.20,289.16 1 1
github.com/therealutkarshpriyadarshi/network/pkg/tcp/state.go:290.24,291.29 1 1
github.com/therealutkarshpriyadarshi/network/pkg/tcp/state.go:292.11,293.81 1 0
github.com/therealutkarshpriyadarshi/network/pkg/tcp/state.go:296.20,297.16 1 1
github.com/therealutkarshpriyadarshi/network/pkg/tcp/state.go:298.24,299.27 1 1
github.com/therealutkarshpriyadarshi/network/pkg/tcp/state.go:300.11,301.81 1 0
github.com/therealutkarshpriyadarshi/network/pkg/tcp/state.go:304.21,305.16 1 1
github.com/therealutkarshpriyadarshi/network/pkg/tcp/state.go:306.21,307.27 1 1
github.com/therealutkarshpriyadarshi/network/pkg/tcp/state.go:308.11,310.24 1 0
github.com/therealutkarshpriyadarshi/network/pkg/tcp/state.go:313.10,314.60 1 0
github.com/therealutkarshpriyadarshi/network/pkg/udp/packet.go:35.42,36.30 1 1
github.com/therealutkarshpriyadarshi/network/pkg/udp/packet.go:36.30,38.3 1 1
github.com/therealutkarshpriyadarshi/network/pkg/udp/packet.go:40.2,48.36 2 1
github.com/therealutkarshpriyadarshi/network/pkg/udp/packet.go:48.36,50.3 1 1
github.com/therealutkarshpriyadarshi/network/pkg/udp/packet.go:52.2,52.33 1 1
github.com/therealutkarshpriyadarshi/network/pkg/udp/packet.go:52.33,54.3 1 1
github.com/therealutkarshpriyadarshi/network/pkg/udp/packet.go:57.2,57.36 1 1
github.com/therealutkarshpriyadarshi/network/pkg/udp/packet.go:57.36,60.3 2 1
github.com/therealutkarshpriyadarshi/network/pkg/udp/packet.go:62.2,62.17 1 1
github.com/therealutkarshpriyadarshi/network/pkg/udp/packet.go:67.46,70.28 2 1
github.com/therealutkarshpriyadarshi/network/pkg/udp/packet.go:70.28,72.3 1 0
github.com/therealutkarshpriyadarshi/network/pkg/udp/packet.go:73.2,89.21 7 1
github.com/therealutkarshpriyadarshi/network/pkg/udp/packet.go:89.21,91.3 1 1
github.com/therealutkarshpriyadarshi/network/pkg/udp/packet.go:93.2,93.17 1 1
github.com/therealutkarshpriyadarshi/network/pkg/udp/packet.go:103.85,106.16 2 1
github.com/therealutkarshpriyadarshi/network/pkg/udp/packet.go:106.16,108.3 1 0
github.com/therealutkarshpriyadarshi/network/pkg/udp/packet.go:111.2,126.19 9 1
github.com/therealutkarshpriyadarshi/network/pkg/udp/packet.go:126.19,128.3 1 0
github.com/therealutkarshpriyadarshi/network/pkg/udp/packet.go:130.2,130.22 1 1
github.com/therealutkarshpriyadarshi/network/pkg/udp/packet.go:134.71,136.21 1 1
github.com/therealutkarshpriyadarshi/network/pkg/udp/packet.go:136.21,138.3 1 1
github.com/therealutkarshpriyadarshi/network/pkg/udp/packet.go:142.2,143.16 2 1
github.com/therealutkarshpriyadarshi/network/pkg/udp/packet.go:143.16,145.3 1 0
github.com/therealutkarshpriyadarshi/network/pkg/udp/packet.go:148.2,161.44 9 1
github.com/therealutkarshpriyadarshi/network/pkg/udp/packet.go:165.34,168.2 1 1
github.com/therealutkarshpriyadarshi/network/pkg/udp/packet.go:171.62,179.2 1 1
github.com/therealutkarshpriyadarshi/network/pkg/udp/socket.go:32.34,34.2 1 1
github.com/therealutkarshpriyadarshi/network/pkg/udp/socket.go:62.26,68.2 1 1
github.com/therealutkarshpriyadarshi/network/pkg/udp/socket.go:72.43,76.13 3 1
github.com/therealutkarshpriyadarshi/network/pkg/udp/socket.go:76.13,78.3 1 1
github.com/therealutkarshpriyadarshi/network/pkg/udp/socket.go:80.2,80.14 1 1
github.com/therealutkarshpriyadarshi/network/pkg/udp/socket.go:80.14,82.3 1 0
github.com/therealutkarshpriyadarshi/network/pkg/udp/socket.go:84.2,87.12 3 1
github.com/therealutkarshpriyadarshi/network/pkg/udp/socket.go:91.47,95.14 3 1
github.com/therealutkarshpriyadarshi/network/pkg/udp/socket.go:95.14,97.3 1 0
github.com/therealutkarshpriyadarshi/network/pkg/udp/socket.go:99.2,99.25 1 1
github.com/therealutkarshpriyadarshi/network/pkg/udp/socket.go:105.67,109.14 3 1
github.com/therealutkarshpriyadarshi/network/pkg/udp/socket.go:109.14,111.3 1 1
github.com/therealutkarshpriyadarshi/network/pkg/udp/socket.go:113.2,113.14 1 1
github.com/therealutkarshpriyadarshi/network/pkg/udp/socket.go:113.14,115.3 1 1
github.com/therealutkarshpriyadarshi/network/pkg/udp/socket.go:118.2,120.17 2 1
github.com/therealutkarshpriyadarshi/network/pkg/udp/socket.go:125.75,127.14 2 1
github.com/therealutkarshpriyadarshi/network/pkg/udp/socket.go:127.14,130.3 2 1
github.com/therealutkarshpriyadarshi/network/pkg/udp/socket.go:131.2,131.14 1 1
github.com/therealutkarshpriyadarshi/network/pkg/udp/socket.go:131.14,134.3 2 0
github.com/therealutkarshpriyadarshi/network/pkg/udp/socket.go:135.2,138.9 2 1
github.com/therealutkarshpriyadarshi/network/pkg/udp/socket.go:139.29,140.33 1 1
github.com/therealutkarshpriyadarshi/network/pkg/udp/socket.go:141.29,142.55 1 1
github.com/therealutkarshpriyadarshi/network/pkg/udp/socket.go:148.59,152.14 3 1
github.com/therealutkarshpriyadarshi/network/pkg/udp/socket.go:152.14,154.3 1 0
github.com/therealutkarshpriyadarshi/network/pkg/udp/socket.go:156.2,156.14 1 1
github.com/therealutkarshpriyadarshi/network/pkg/udp/socket.go:156.14,158.3 1 0
github.com/therealutkarshpriyadarshi/network/pkg/udp/socket.go:161.2,168.9 3 1
github.com/therealutkarshpriyadarshi/network/pkg/udp/socket.go:169.27,170.13 1 1
github.com/therealutkarshpriyadarshi/network/pkg/udp/socket.go:171.10,173.59 1 0
github.com/therealutkarshpriyadarshi/network/pkg/udp/socket.go:178.32,182.14 3 1
github.com/therealutkarshpriyadarshi/network/pkg/udp/socket.go:182.14,184.3 1 1
github.com/therealutkarshpriyadarshi/network/pkg/udp/socket.go:186.2,189.12 3 1
github.com/therealutkarshpriyadarshi/network/pkg/udp/socket.go:193.34,197.2 3 1
github.com/therealutkarshpriyadarshi/network/pkg/udp/socket.go:200.33,204.2 3 1
github.com/therealutkarshpriyadarshi/network/pkg/udp/socket.go:219.40,224.2 1 1
github.com/therealutkarshpriyadarshi/network/pkg/udp/socket.go:228.75,233.15 3 1
github.com/therealutkarshpriyadarshi/network/pkg/udp/socket.go:233.15,235.17 2 1
github.com/therealutkarshpriyadarshi/network/pkg/udp/socket.go:235.17,237.4 1 0
github.com/therealutkarshpriyadarshi/network/pkg/udp/socket.go:238.3,238.22 1 1
github.com/therealutkarshpriyadarshi/network/pkg/udp/socket.go:242.2,242.42 1 1
github.com/therealutkarshpriyadarshi/network/pkg/udp/socket.go:242.42,244.3 1 1
github.com/therealutkarshpriyadarshi/network/pkg/udp/socket.go:247.2,249.18 2 1
github.com/therealutkarshpriyadarshi/network/pkg/udp/socket.go:253.51,257.43 3 1
github.com/therealutkarshpriyadarshi/network/pkg/udp/socket.go:257.43,259.3 1 1
github.com/therealutkarshpriyadarshi/network/pkg/udp/socket.go:261.2,262.12 2 1
github.com/therealutkarshpriyadarshi/network/pkg/udp/socket.go:266.69,271.13 4 1
github.com/therealutkarshpriyadarshi/network/pkg/udp/socket.go:271.13,275.3 1 1
github.com/therealutkarshpriyadarshi/network/pkg/udp/socket.go:278.2,278.42 1 1
github.com/therealutkarshpriyadarshi/network/pkg/udp/socket.go:283.65,286.6 2 1
github.com/therealutkarshpriyadarshi/network/pkg/udp/socket.go:286.6,287.59 1 1
github.com/therealutkarshpriyadarshi/network/pkg/udp/socket.go:287.59,290.46 3 1
github.com/therealutkarshpriyadarshi/network/pkg/udp/socket.go:290.46,292.5 1 0
github.com/therealutkarshpriyadarshi/network/pkg/udp/socket.go:293.4,293.20 1 1
github.com/therealutkarshpriyadarshi/network/pkg/udp/socket.go:296.3,297.45 2 0
github.com/therealutkarshpriyadarshi/network/pkg/udp/socket.go:297.45,299.4 1 0
github.com/therealutkarshpriyadarshi/network/pkg/udp/socket.go:302.3,302.39 1 0
github.com/therealutkarshpriyadarshi/network/pkg/udp/socket.go:302.39,304.4 1 0
github.com/therealutkarshpriyadarshi/network/pkg/arp/cache.go:22.39,24.2 1 1
github.com/therealutkarshpriyadarshi/network/pkg/arp/cache.go:35.45,40.2 1 1
github.com/therealutkarshpriyadarshi/network/pkg/arp/cache.go:43.31,45.2 1 1
github.com/therealutkarshpriyadarshi/network/pkg/arp/cache.go:48.67,56.2 3 1
github.com/therealutkarshpriyadarshi/network/pkg/arp/cache.go:60.70,65.13 4 1
github.com/therealutkarshpriyadarshi/network/pkg/arp/cache.go:65.13,67.3 1 1
github.com/therealutkarshpriyadarshi/network/pkg/arp/cache.go:70.2,70.23 1 1
github.com/therealutkarshpriyadarshi/network/pkg/arp/cache.go:70.23,72.3 1 1
github.com/therealutkarshpriyadarshi/network/pkg/arp/cache.go:74.2,74.24 1 1
github.com/therealutkarshpriyadarshi/network/pkg/arp/cache.go:78.47,83.2 3 1
github.com/therealutkarshpriyadarshi/network/pkg/arp/cache.go:86.25,91.2 3 1
github.com/therealutkarshpriyadarshi/network/pkg/arp/cache.go:95.31,100.35 4 1
github.com/therealutkarshpriyadarshi/network/pkg/arp/cache.go:100.35,101.24 1 1
github.com/therealutkarshpriyadarshi/network/pkg/arp/cache.go:101.24,104.4 2 1
github.com/therealutkarshpriyadarshi/network/pkg/arp/cache.go:107.2,107.16 1 1
github.com/therealutkarshpriyadarshi/network/pkg/arp/cache.go:111.28,116.2 3 1
github.com/therealutkarshpriyadarshi/network/pkg/arp/cache.go:120.68,125.35 4 1
github.com/therealutkarshpriyadarshi/network/pkg/arp/cache.go:125.35,126.25 1 1
github.com/therealutkarshpriyadarshi/network/pkg/arp/cache.go:126.25,128.4 1 1
github.com/therealutkarshpriyadarshi/network/pkg/arp/cache.go:131.2,131.17 1 1
github.com/therealutkarshpriyadarshi/network/pkg/arp/cache.go:135.33,140.35 4 1
github.com/therealutkarshpriyadarshi/network/pkg/arp/cache.go:140.35,142.24 2 1
github.com/therealutkarshpriyadarshi/network/pkg/arp/cache.go:142.24,144.4 1 0
github.com/therealutkarshpriyadarshi/network/pkg/arp/cache.go:145.3,146.82 2 1
github.com/therealutkarshpriyadarshi/network/pkg/arp/cache.go:149.2,149.15 1 1
github.com/therealutkarshpriyadarshi/network/pkg/arp/cache.go:155.77,158.12 2 1
github.com/therealutkarshpriyadarshi/network/pkg/arp/cache.go:158.12,162.7 3 1
github.com/therealutkarshpriyadarshi/network/pkg/arp/cache.go:162.7,163.11 1 1
github.com/therealutkarshpriyadarshi/network/pkg/arp/cache.go:164.20,166.20 2 1
github.com/therealutkarshpriyadarshi/network/pkg/arp/cache.go:166.20,169.6 1 1
github.com/therealutkarshpriyadarshi/network/pkg/arp/cache.go:170.16,171.11 1 1
github.com/therealutkarshpriyadarshi/network/pkg/arp/cache.go:176.2,176.13 1 1
github.com/therealutkarshpriyadarshi/network/pkg/arp/handler.go:31.81,40.2 1 0
github.com/therealutkarshpriyadarshi/network/pkg/arp/handler.go:43.53,45.2 1 1
github.com/therealutkarshpriyadarshi/network/pkg/arp/handler.go:48.46,50.2 1 1
github.com/therealutkarshpriyadarshi/network/pkg/arp/handler.go:53.34,55.2 1 1
github.com/therealutkarshpriyadarshi/network/pkg/arp/handler.go:60.83,62.48 1 0
github.com/therealutkarshpriyadarshi/network/pkg/arp/handler.go:62.48,64.3 1 0
github.com/therealutkarshpriyadarshi/network/pkg/arp/handler.go:67.2,67.39 1 0
github.com/therealutkarshpriyadarshi/network/pkg/arp/handler.go:71.94,75.13 3 0
github.com/therealutkarshpriyadarshi/network/pkg/arp/handler.go:75.13,78.3 2 0
github.com/therealutkarshpriyadarshi/network/pkg/arp/handler.go:79.2,82.12 2 0
github.com/therealutkarshpriyadarshi/network/pkg/arp/handler.go:82.12,83.10 1 0
github.com/therealutkarshpriyadarshi/network/pkg/arp/handler.go:84.30,85.19 1 0
github.com/therealutkarshpriyadarshi/network/pkg/arp/handler.go:86.32,87.82 1 0
github.com/therealutkarshpriyadarshi/network/pkg/arp/handler.go:92.2,92.15 1 0
github.com/therealutkarshpriyadarshi/network/pkg/arp/handler.go:92.15,97.3 4 0
github.com/therealutkarshpriyadarshi/network/pkg/arp/handler.go:100.2,101.54 2 0
github.com/therealutkarshpriyadarshi/network/pkg/arp/handler.go:101.54,102.49 1 0
github.com/therealutkarshpriyadarshi/network/pkg/arp/handler.go:102.49,105.12 3 0
github.com/therealutkarshpriyadarshi/network/pkg/arp/handler.go:109.3,109.10 1 0
github.com/therealutkarshpriyadarshi/network/pkg/arp/handler.go:110.30,111.19 1 0
github.com/therealutkarshpriyadarshi/network/pkg/arp/handler.go:112.62,113.105 1 0
github.com/therealutkarshpriyadarshi/network/pkg/arp/handler.go:117.2,117.37 1 0
github.com/therealutkarshpriyadarshi/network/pkg/arp/handler.go:121.66,135.2 3 0
github.com/therealutkarshpriyadarshi/network/pkg/arp/handler.go:139.54,140.24 1 1
github.com/therealutkarshpriyadarshi/network/pkg/arp/handler.go:140.24,142.3 1 1
github.com/therealutkarshpriyadarshi/network/pkg/arp/handler.go:142.8,142.29 1 1
github.com/therealutkarshpriyadarshi/network/pkg/arp/handler.go:142.29,144.3 1 1
github.com/therealutkarshpriyadarshi/network/pkg/arp/handler.go:145.2,145.66 1 1
github.com/therealutkarshpriyadarshi/network/pkg/arp/handler.go:150.55,155.34 2 1
github.com/therealutkarshpriyadarshi/network/pkg/arp/handler.go:155.34,158.3 1 1
github.com/therealutkarshpriyadarshi/network/pkg/arp/handler.go:161.2,161.55 1 0
github.com/therealutkarshpriyadarshi/network/pkg/arp/handler.go:166.53,175.12 5 1
github.com/therealutkarshpriyadarshi/network/pkg/arp/handler.go:175.12,176.10 1 1
github.com/therealutkarshpriyadarshi/network/pkg/arp/handler.go:177.41,177.41 0 1
github.com/therealutkarshpriyadarshi/network/pkg/arp/handler.go:178.11,178.11 0 0
github.com/therealutkarshpriyadarshi/network/pkg/arp/handler.go:183.2,183.12 1 1
github.com/therealutkarshpriyadarshi/network/pkg/arp/handler.go:187.93,201.2 3 0
github.com/therealutkarshpriyadarshi/network/pkg/arp/handler.go:205.36,217.2 3 0
github.com/therealutkarshpriyadarshi/network/pkg/arp/handler.go:222.52,225.12 2 0
github.com/therealutkarshpriyadarshi/network/pkg/arp/handler.go:225.12,226.7 1 0
github.com/therealutkarshpriyadarshi/network/pkg/arp/handler.go:226.7,227.11 1 0
github.com/therealutkarshpriyadarshi/network/pkg/arp/handler.go:228.16,229.11 1 0
github.com/therealutkarshpriyadarshi/network/pkg/arp/handler.go:230.12,233.19 2 0
github.com/therealutkarshpriyadarshi/network/pkg/arp/handler.go:233.19,236.14 2 0
github.com/therealutkarshpriyadarshi/network/pkg/arp/handler.go:240.5,240.47 1 0
github.com/therealutkarshpriyadarshi/network/pkg/arp/handler.go:240.47,241.14 1 0
github.com/therealutkarshpriyadarshi/network/pkg/arp/handler.go:245.5,246.19 2 0
github.com/therealutkarshpriyadarshi/network/pkg/arp/handler.go:246.19,248.14 1 0
github.com/therealutkarshpriyadarshi/network/pkg/arp/handler.go:252.5,252.50 1 0
github.com/therealutkarshpriyadarshi/network/pkg/arp/handler.go:252.50,254.14 1 0
github.com/therealutkarshpriyadarshi/network/pkg/arp/handler.go:260.2,260.18 1 0
github.com/therealutkarshpriyadarshi/network/pkg/arp/handler.go:264.35,271.2 1 0
github.com/therealutkarshpriyadarshi/network/pkg/arp/packet.go:52.37,53.12 1 1
github.com/therealutkarshpriyadarshi/network/pkg/arp/packet.go:54.24,55.19 1 1
github.com/therealutkarshpriyadarshi/network/pkg/arp/packet.go:56.22,57.17 1 1
github.com/therealutkarshpriyadarshi/network/pkg/arp/packet.go:58.10,59.48 1 1
github.com/therealutkarshpriyadarshi/network/pkg/arp/packet.go:77.42,78.28 1 1
github.com/therealutkarshpriyadarshi/network/pkg/arp/packet.go:78.28,80.3 1 1
github.com/therealutkarshpriyadarshi/network/pkg/arp/packet.go:82.2,92.49 7 1
github.com/therealutkarshpriyadarshi/network/pkg/arp/packet.go:92.49,94.3 1 1
github.com/therealutkarshpriyadarshi/network/pkg/arp/packet.go:95.2,95.45 1 1
github.com/therealutkarshpriyadarshi/network/pkg/arp/packet.go:95.45,97.3 1 1
github.com/therealutkarshpriyadarshi/network/pkg/arp/packet.go:98.2,98.32 1 1
github.com/therealutkarshpriyadarshi/network/pkg/arp/packet.go:98.32,100.3 1 0
github.com/therealutkarshpriyadarshi/network/pkg/arp/packet.go:101.2,101.32 1 1
github.com/therealutkarshpriyadarshi/network/pkg/arp/packet.go:101.32,103.3 1 0
github.com/therealutkarshpriyadarshi/network/pkg/arp/packet.go:106.2,111.20 5 1
github.com/therealutkarshpriyadarshi/network/pkg/arp/packet.go:115.37,132.2 11 1
github.com/therealutkarshpriyadarshi/network/pkg/arp/packet.go:135.34,143.2 1 1
github.com/therealutkarshpriyadarshi/network/pkg/arp/packet.go:147.93,159.2 1 1
github.com/therealutkarshpriyadarshi/network/pkg/arp/packet.go:163.139,175.2 1 1
github.com/therealutkarshpriyadarshi/network/pkg/arp/packet.go:178.35,180.2 1 1
github.com/therealutkarshpriyadarshi/network/pkg/arp/packet.go:183.33,185.2 1 1
